[18-Mar-2026 22:15:14 Asia/Manila] PHP Warning:  Undefined array key "REQUEST_METHOD" in C:\Users\lenovo\OneDrive\Desktop\antishit\hrms\controllers\AuthController.php on line 16
[18-Mar-2026 22:18:08 Asia/Manila] Audit log error: SQLSTATE[23000]: Integrity constraint violation: 1452 Cannot add or update a child row: a foreign key constraint fails (`hrms_db`.`audit_logs`, CONSTRAINT `audit_logs_ibfk_1` FOREIGN KEY (`user_id`) REFERENCES `users` (`id`) ON DELETE SET NULL)
[18-Mar-2026 22:18:11 Asia/Manila] Audit log error: SQLSTATE[23000]: Integrity constraint violation: 1452 Cannot add or update a child row: a foreign key constraint fails (`hrms_db`.`audit_logs`, CONSTRAINT `audit_logs_ibfk_1` FOREIGN KEY (`user_id`) REFERENCES `users` (`id`) ON DELETE SET NULL)
[18-Mar-2026 22:18:13 Asia/Manila] Audit log error: SQLSTATE[23000]: Integrity constraint violation: 1452 Cannot add or update a child row: a foreign key constraint fails (`hrms_db`.`audit_logs`, CONSTRAINT `audit_logs_ibfk_1` FOREIGN KEY (`user_id`) REFERENCES `users` (`id`) ON DELETE SET NULL)
[18-Mar-2026 22:18:18 Asia/Manila] Audit log error: SQLSTATE[23000]: Integrity constraint violation: 1452 Cannot add or update a child row: a foreign key constraint fails (`hrms_db`.`audit_logs`, CONSTRAINT `audit_logs_ibfk_1` FOREIGN KEY (`user_id`) REFERENCES `users` (`id`) ON DELETE SET NULL)
[18-Mar-2026 22:34:08 Asia/Manila] PHP Fatal error:  Uncaught PDOException: SQLSTATE[42S22]: Column not found: 1054 Unknown column 'e.status' in 'where clause' in C:\xampp\htdocs\antishit\hrms\models\Employee.php:35
Stack trace:
#0 C:\xampp\htdocs\antishit\hrms\models\Employee.php(35): PDO->prepare('SELECT COUNT(*)...')
#1 C:\xampp\htdocs\antishit\hrms\controllers\DashboardController.php(15): Employee->count(Array)
#2 C:\xampp\htdocs\antishit\hrms\index.php(89): DashboardController->index()
#3 {main}
  thrown in C:\xampp\htdocs\antishit\hrms\models\Employee.php on line 35
[18-Mar-2026 22:34:17 Asia/Manila] PHP Fatal error:  Uncaught PDOException: SQLSTATE[42S22]: Column not found: 1054 Unknown column 'e.status' in 'where clause' in C:\xampp\htdocs\antishit\hrms\models\Employee.php:35
Stack trace:
#0 C:\xampp\htdocs\antishit\hrms\models\Employee.php(35): PDO->prepare('SELECT COUNT(*)...')
#1 C:\xampp\htdocs\antishit\hrms\controllers\DashboardController.php(15): Employee->count(Array)
#2 C:\xampp\htdocs\antishit\hrms\index.php(89): DashboardController->index()
#3 {main}
  thrown in C:\xampp\htdocs\antishit\hrms\models\Employee.php on line 35
[19-Mar-2026 10:36:13 Asia/Manila] PHP Fatal error:  Uncaught PDOException: SQLSTATE[42S22]: Column not found: 1054 Unknown column 'e.status' in 'where clause' in C:\xampp\htdocs\antishit\hrms\models\Employee.php:35
Stack trace:
#0 C:\xampp\htdocs\antishit\hrms\models\Employee.php(35): PDO->prepare('SELECT COUNT(*)...')
#1 C:\xampp\htdocs\antishit\hrms\controllers\DashboardController.php(15): Employee->count(Array)
#2 C:\xampp\htdocs\antishit\hrms\index.php(89): DashboardController->index()
#3 {main}
  thrown in C:\xampp\htdocs\antishit\hrms\models\Employee.php on line 35
[19-Mar-2026 10:42:29 Asia/Manila] PHP Warning:  include(C:\xampp\htdocs\antishit\hrms/views/errors/500.php): Failed to open stream: No such file or directory in C:\xampp\htdocs\antishit\hrms\index.php on line 59
[19-Mar-2026 10:42:29 Asia/Manila] PHP Warning:  include(): Failed opening 'C:\xampp\htdocs\antishit\hrms/views/errors/500.php' for inclusion (include_path='C:\xampp\php\PEAR') in C:\xampp\htdocs\antishit\hrms\index.php on line 59
[19-Mar-2026 10:42:34 Asia/Manila] PHP Warning:  include(C:\xampp\htdocs\antishit\hrms/views/errors/500.php): Failed to open stream: No such file or directory in C:\xampp\htdocs\antishit\hrms\index.php on line 59
[19-Mar-2026 10:42:34 Asia/Manila] PHP Warning:  include(): Failed opening 'C:\xampp\htdocs\antishit\hrms/views/errors/500.php' for inclusion (include_path='C:\xampp\php\PEAR') in C:\xampp\htdocs\antishit\hrms\index.php on line 59
[19-Mar-2026 10:42:36 Asia/Manila] PHP Warning:  include(C:\xampp\htdocs\antishit\hrms/views/errors/500.php): Failed to open stream: No such file or directory in C:\xampp\htdocs\antishit\hrms\index.php on line 59
[19-Mar-2026 10:42:36 Asia/Manila] PHP Warning:  include(): Failed opening 'C:\xampp\htdocs\antishit\hrms/views/errors/500.php' for inclusion (include_path='C:\xampp\php\PEAR') in C:\xampp\htdocs\antishit\hrms\index.php on line 59
[19-Mar-2026 10:42:37 Asia/Manila] PHP Warning:  include(C:\xampp\htdocs\antishit\hrms/views/errors/500.php): Failed to open stream: No such file or directory in C:\xampp\htdocs\antishit\hrms\index.php on line 59
[19-Mar-2026 10:42:37 Asia/Manila] PHP Warning:  include(): Failed opening 'C:\xampp\htdocs\antishit\hrms/views/errors/500.php' for inclusion (include_path='C:\xampp\php\PEAR') in C:\xampp\htdocs\antishit\hrms\index.php on line 59
[19-Mar-2026 10:42:39 Asia/Manila] PHP Warning:  include(C:\xampp\htdocs\antishit\hrms/views/errors/500.php): Failed to open stream: No such file or directory in C:\xampp\htdocs\antishit\hrms\index.php on line 59
[19-Mar-2026 10:42:39 Asia/Manila] PHP Warning:  include(): Failed opening 'C:\xampp\htdocs\antishit\hrms/views/errors/500.php' for inclusion (include_path='C:\xampp\php\PEAR') in C:\xampp\htdocs\antishit\hrms\index.php on line 59
[19-Mar-2026 10:42:41 Asia/Manila] PHP Warning:  include(C:\xampp\htdocs\antishit\hrms/views/errors/500.php): Failed to open stream: No such file or directory in C:\xampp\htdocs\antishit\hrms\index.php on line 59
[19-Mar-2026 10:42:41 Asia/Manila] PHP Warning:  include(): Failed opening 'C:\xampp\htdocs\antishit\hrms/views/errors/500.php' for inclusion (include_path='C:\xampp\php\PEAR') in C:\xampp\htdocs\antishit\hrms\index.php on line 59
[19-Mar-2026 10:42:52 Asia/Manila] PHP Warning:  include(C:\xampp\htdocs\antishit\hrms/views/errors/500.php): Failed to open stream: No such file or directory in C:\xampp\htdocs\antishit\hrms\index.php on line 59
[19-Mar-2026 10:42:52 Asia/Manila] PHP Warning:  include(): Failed opening 'C:\xampp\htdocs\antishit\hrms/views/errors/500.php' for inclusion (include_path='C:\xampp\php\PEAR') in C:\xampp\htdocs\antishit\hrms\index.php on line 59
[19-Mar-2026 10:42:52 Asia/Manila] PHP Warning:  include(C:\xampp\htdocs\antishit\hrms/views/errors/500.php): Failed to open stream: No such file or directory in C:\xampp\htdocs\antishit\hrms\index.php on line 59
[19-Mar-2026 10:42:52 Asia/Manila] PHP Warning:  include(): Failed opening 'C:\xampp\htdocs\antishit\hrms/views/errors/500.php' for inclusion (include_path='C:\xampp\php\PEAR') in C:\xampp\htdocs\antishit\hrms\index.php on line 59
[19-Mar-2026 10:43:23 Asia/Manila] PHP Warning:  include(C:\xampp\htdocs\antishit\hrms/views/errors/500.php): Failed to open stream: No such file or directory in C:\xampp\htdocs\antishit\hrms\index.php on line 59
[19-Mar-2026 10:43:23 Asia/Manila] PHP Warning:  include(): Failed opening 'C:\xampp\htdocs\antishit\hrms/views/errors/500.php' for inclusion (include_path='C:\xampp\php\PEAR') in C:\xampp\htdocs\antishit\hrms\index.php on line 59
[19-Mar-2026 10:46:26 Asia/Manila] PHP Warning:  include(C:\xampp\htdocs\antishit\hrms/views/payroll/create.php): Failed to open stream: No such file or directory in C:\xampp\htdocs\antishit\hrms\controllers\OtherControllers.php on line 246
[19-Mar-2026 10:46:26 Asia/Manila] PHP Warning:  include(): Failed opening 'C:\xampp\htdocs\antishit\hrms/views/payroll/create.php' for inclusion (include_path='C:\xampp\php\PEAR') in C:\xampp\htdocs\antishit\hrms\controllers\OtherControllers.php on line 246
[19-Mar-2026 10:46:30 Asia/Manila] PHP Warning:  include(C:\xampp\htdocs\antishit\hrms/views/payroll/create.php): Failed to open stream: No such file or directory in C:\xampp\htdocs\antishit\hrms\controllers\OtherControllers.php on line 246
[19-Mar-2026 10:46:30 Asia/Manila] PHP Warning:  include(): Failed opening 'C:\xampp\htdocs\antishit\hrms/views/payroll/create.php' for inclusion (include_path='C:\xampp\php\PEAR') in C:\xampp\htdocs\antishit\hrms\controllers\OtherControllers.php on line 246
[19-Mar-2026 10:46:35 Asia/Manila] PHP Warning:  include(C:\xampp\htdocs\antishit\hrms/views/recruitment/view_job.php): Failed to open stream: No such file or directory in C:\xampp\htdocs\antishit\hrms\controllers\OtherControllers.php on line 363
[19-Mar-2026 10:46:35 Asia/Manila] PHP Warning:  include(): Failed opening 'C:\xampp\htdocs\antishit\hrms/views/recruitment/view_job.php' for inclusion (include_path='C:\xampp\php\PEAR') in C:\xampp\htdocs\antishit\hrms\controllers\OtherControllers.php on line 363
[19-Mar-2026 10:46:40 Asia/Manila] PHP Warning:  include(C:\xampp\htdocs\antishit\hrms/views/recruitment/add_job.php): Failed to open stream: No such file or directory in C:\xampp\htdocs\antishit\hrms\controllers\OtherControllers.php on line 352
[19-Mar-2026 10:46:40 Asia/Manila] PHP Warning:  include(): Failed opening 'C:\xampp\htdocs\antishit\hrms/views/recruitment/add_job.php' for inclusion (include_path='C:\xampp\php\PEAR') in C:\xampp\htdocs\antishit\hrms\controllers\OtherControllers.php on line 352
[19-Mar-2026 10:47:19 Asia/Manila] PHP Warning:  include(C:\xampp\htdocs\antishit\hrms/views/reports/attendance.php): Failed to open stream: No such file or directory in C:\xampp\htdocs\antishit\hrms\controllers\OtherControllers.php on line 621
[19-Mar-2026 10:47:19 Asia/Manila] PHP Warning:  include(): Failed opening 'C:\xampp\htdocs\antishit\hrms/views/reports/attendance.php' for inclusion (include_path='C:\xampp\php\PEAR') in C:\xampp\htdocs\antishit\hrms\controllers\OtherControllers.php on line 621
[19-Mar-2026 10:47:39 Asia/Manila] PHP Warning:  include(C:\xampp\htdocs\antishit\hrms/views/performance/create.php): Failed to open stream: No such file or directory in C:\xampp\htdocs\antishit\hrms\controllers\OtherControllers.php on line 420
[19-Mar-2026 10:47:39 Asia/Manila] PHP Warning:  include(): Failed opening 'C:\xampp\htdocs\antishit\hrms/views/performance/create.php' for inclusion (include_path='C:\xampp\php\PEAR') in C:\xampp\htdocs\antishit\hrms\controllers\OtherControllers.php on line 420
[19-Mar-2026 10:47:47 Asia/Manila] PHP Warning:  include(C:\xampp\htdocs\antishit\hrms/views/training/create.php): Failed to open stream: No such file or directory in C:\xampp\htdocs\antishit\hrms\controllers\OtherControllers.php on line 468
[19-Mar-2026 10:47:47 Asia/Manila] PHP Warning:  include(): Failed opening 'C:\xampp\htdocs\antishit\hrms/views/training/create.php' for inclusion (include_path='C:\xampp\php\PEAR') in C:\xampp\htdocs\antishit\hrms\controllers\OtherControllers.php on line 468
[19-Mar-2026 10:47:55 Asia/Manila] PHP Warning:  include(C:\xampp\htdocs\antishit\hrms/views/documents/index.php): Failed to open stream: No such file or directory in C:\xampp\htdocs\antishit\hrms\controllers\OtherControllers.php on line 494
[19-Mar-2026 10:47:55 Asia/Manila] PHP Warning:  include(): Failed opening 'C:\xampp\htdocs\antishit\hrms/views/documents/index.php' for inclusion (include_path='C:\xampp\php\PEAR') in C:\xampp\htdocs\antishit\hrms\controllers\OtherControllers.php on line 494
[19-Mar-2026 10:48:00 Asia/Manila] PHP Warning:  include(C:\xampp\htdocs\antishit\hrms/views/documents/index.php): Failed to open stream: No such file or directory in C:\xampp\htdocs\antishit\hrms\controllers\OtherControllers.php on line 494
[19-Mar-2026 10:48:00 Asia/Manila] PHP Warning:  include(): Failed opening 'C:\xampp\htdocs\antishit\hrms/views/documents/index.php' for inclusion (include_path='C:\xampp\php\PEAR') in C:\xampp\htdocs\antishit\hrms\controllers\OtherControllers.php on line 494
[19-Mar-2026 10:49:49 Asia/Manila] PHP Warning:  Undefined array key "civil_status" in C:\xampp\htdocs\antishit\hrms\views\employees\edit.php on line 38
[19-Mar-2026 10:49:49 Asia/Manila] PHP Warning:  Undefined array key "civil_status" in C:\xampp\htdocs\antishit\hrms\views\employees\edit.php on line 38
[19-Mar-2026 10:49:49 Asia/Manila] PHP Warning:  Undefined array key "civil_status" in C:\xampp\htdocs\antishit\hrms\views\employees\edit.php on line 38
[19-Mar-2026 10:49:49 Asia/Manila] PHP Warning:  Undefined array key "civil_status" in C:\xampp\htdocs\antishit\hrms\views\employees\edit.php on line 38
[19-Mar-2026 10:49:49 Asia/Manila] PHP Warning:  Undefined array key "address" in C:\xampp\htdocs\antishit\hrms\views\employees\edit.php on line 39
[19-Mar-2026 10:49:49 Asia/Manila] PHP Warning:  Undefined array key "city" in C:\xampp\htdocs\antishit\hrms\views\employees\edit.php on line 40
[19-Mar-2026 10:49:49 Asia/Manila] PHP Warning:  Undefined array key "sss_number" in C:\xampp\htdocs\antishit\hrms\views\employees\edit.php on line 44
[19-Mar-2026 10:49:49 Asia/Manila] PHP Warning:  Undefined array key "philhealth_number" in C:\xampp\htdocs\antishit\hrms\views\employees\edit.php on line 45
[19-Mar-2026 10:49:49 Asia/Manila] PHP Warning:  Undefined array key "pagibig_number" in C:\xampp\htdocs\antishit\hrms\views\employees\edit.php on line 46
[19-Mar-2026 10:49:49 Asia/Manila] PHP Warning:  Undefined array key "tin_number" in C:\xampp\htdocs\antishit\hrms\views\employees\edit.php on line 47
[19-Mar-2026 10:49:49 Asia/Manila] PHP Warning:  Undefined array key "emergency_contact_name" in C:\xampp\htdocs\antishit\hrms\views\employees\edit.php on line 50
[19-Mar-2026 10:49:49 Asia/Manila] PHP Warning:  Undefined array key "emergency_contact_phone" in C:\xampp\htdocs\antishit\hrms\views\employees\edit.php on line 51
[19-Mar-2026 10:49:49 Asia/Manila] PHP Warning:  Undefined array key "notes" in C:\xampp\htdocs\antishit\hrms\views\employees\edit.php on line 52
[19-Mar-2026 10:49:54 Asia/Manila] PHP Warning:  Undefined array key "civil_status" in C:\xampp\htdocs\antishit\hrms\views\employees\edit.php on line 38
[19-Mar-2026 10:49:54 Asia/Manila] PHP Warning:  Undefined array key "civil_status" in C:\xampp\htdocs\antishit\hrms\views\employees\edit.php on line 38
[19-Mar-2026 10:49:54 Asia/Manila] PHP Warning:  Undefined array key "civil_status" in C:\xampp\htdocs\antishit\hrms\views\employees\edit.php on line 38
[19-Mar-2026 10:49:54 Asia/Manila] PHP Warning:  Undefined array key "civil_status" in C:\xampp\htdocs\antishit\hrms\views\employees\edit.php on line 38
[19-Mar-2026 10:49:54 Asia/Manila] PHP Warning:  Undefined array key "address" in C:\xampp\htdocs\antishit\hrms\views\employees\edit.php on line 39
[19-Mar-2026 10:49:54 Asia/Manila] PHP Warning:  Undefined array key "city" in C:\xampp\htdocs\antishit\hrms\views\employees\edit.php on line 40
[19-Mar-2026 10:49:54 Asia/Manila] PHP Warning:  Undefined array key "sss_number" in C:\xampp\htdocs\antishit\hrms\views\employees\edit.php on line 44
[19-Mar-2026 10:49:54 Asia/Manila] PHP Warning:  Undefined array key "philhealth_number" in C:\xampp\htdocs\antishit\hrms\views\employees\edit.php on line 45
[19-Mar-2026 10:49:54 Asia/Manila] PHP Warning:  Undefined array key "pagibig_number" in C:\xampp\htdocs\antishit\hrms\views\employees\edit.php on line 46
[19-Mar-2026 10:49:54 Asia/Manila] PHP Warning:  Undefined array key "tin_number" in C:\xampp\htdocs\antishit\hrms\views\employees\edit.php on line 47
[19-Mar-2026 10:49:54 Asia/Manila] PHP Warning:  Undefined array key "emergency_contact_name" in C:\xampp\htdocs\antishit\hrms\views\employees\edit.php on line 50
[19-Mar-2026 10:49:54 Asia/Manila] PHP Warning:  Undefined array key "emergency_contact_phone" in C:\xampp\htdocs\antishit\hrms\views\employees\edit.php on line 51
[19-Mar-2026 10:49:54 Asia/Manila] PHP Warning:  Undefined array key "notes" in C:\xampp\htdocs\antishit\hrms\views\employees\edit.php on line 52
[19-Mar-2026 10:50:48 Asia/Manila] PHP Warning:  include(C:\xampp\htdocs\antishit\hrms/views/employees/profile.php): Failed to open stream: No such file or directory in C:\xampp\htdocs\antishit\hrms\controllers\DashboardController.php on line 70
[19-Mar-2026 10:50:48 Asia/Manila] PHP Warning:  include(): Failed opening 'C:\xampp\htdocs\antishit\hrms/views/employees/profile.php' for inclusion (include_path='C:\xampp\php\PEAR') in C:\xampp\htdocs\antishit\hrms\controllers\DashboardController.php on line 70
[19-Mar-2026 10:50:57 Asia/Manila] PHP Warning:  include(C:\xampp\htdocs\antishit\hrms/views/employees/profile.php): Failed to open stream: No such file or directory in C:\xampp\htdocs\antishit\hrms\controllers\DashboardController.php on line 70
[19-Mar-2026 10:50:57 Asia/Manila] PHP Warning:  include(): Failed opening 'C:\xampp\htdocs\antishit\hrms/views/employees/profile.php' for inclusion (include_path='C:\xampp\php\PEAR') in C:\xampp\htdocs\antishit\hrms\controllers\DashboardController.php on line 70
[19-Mar-2026 10:51:49 Asia/Manila] PHP Warning:  include(C:\xampp\htdocs\antishit\hrms/views/documents/index.php): Failed to open stream: No such file or directory in C:\xampp\htdocs\antishit\hrms\controllers\OtherControllers.php on line 494
[19-Mar-2026 10:51:49 Asia/Manila] PHP Warning:  include(): Failed opening 'C:\xampp\htdocs\antishit\hrms/views/documents/index.php' for inclusion (include_path='C:\xampp\php\PEAR') in C:\xampp\htdocs\antishit\hrms\controllers\OtherControllers.php on line 494
[19-Mar-2026 10:51:52 Asia/Manila] PHP Warning:  include(C:\xampp\htdocs\antishit\hrms/views/documents/index.php): Failed to open stream: No such file or directory in C:\xampp\htdocs\antishit\hrms\controllers\OtherControllers.php on line 494
[19-Mar-2026 10:51:52 Asia/Manila] PHP Warning:  include(): Failed opening 'C:\xampp\htdocs\antishit\hrms/views/documents/index.php' for inclusion (include_path='C:\xampp\php\PEAR') in C:\xampp\htdocs\antishit\hrms\controllers\OtherControllers.php on line 494
[19-Mar-2026 10:51:58 Asia/Manila] PHP Warning:  include(C:\xampp\htdocs\antishit\hrms/views/reports/attendance.php): Failed to open stream: No such file or directory in C:\xampp\htdocs\antishit\hrms\controllers\OtherControllers.php on line 621
[19-Mar-2026 10:51:58 Asia/Manila] PHP Warning:  include(): Failed opening 'C:\xampp\htdocs\antishit\hrms/views/reports/attendance.php' for inclusion (include_path='C:\xampp\php\PEAR') in C:\xampp\htdocs\antishit\hrms\controllers\OtherControllers.php on line 621
[19-Mar-2026 10:52:00 Asia/Manila] PHP Warning:  include(C:\xampp\htdocs\antishit\hrms/views/reports/employees.php): Failed to open stream: No such file or directory in C:\xampp\htdocs\antishit\hrms\controllers\OtherControllers.php on line 636
[19-Mar-2026 10:52:00 Asia/Manila] PHP Warning:  include(): Failed opening 'C:\xampp\htdocs\antishit\hrms/views/reports/employees.php' for inclusion (include_path='C:\xampp\php\PEAR') in C:\xampp\htdocs\antishit\hrms\controllers\OtherControllers.php on line 636
[19-Mar-2026 10:52:14 Asia/Manila] PHP Warning:  Undefined array key "civil_status" in C:\xampp\htdocs\antishit\hrms\views\employees\edit.php on line 38
[19-Mar-2026 10:52:14 Asia/Manila] PHP Warning:  Undefined array key "civil_status" in C:\xampp\htdocs\antishit\hrms\views\employees\edit.php on line 38
[19-Mar-2026 10:52:14 Asia/Manila] PHP Warning:  Undefined array key "civil_status" in C:\xampp\htdocs\antishit\hrms\views\employees\edit.php on line 38
[19-Mar-2026 10:52:14 Asia/Manila] PHP Warning:  Undefined array key "civil_status" in C:\xampp\htdocs\antishit\hrms\views\employees\edit.php on line 38
[19-Mar-2026 10:52:14 Asia/Manila] PHP Warning:  Undefined array key "address" in C:\xampp\htdocs\antishit\hrms\views\employees\edit.php on line 39
[19-Mar-2026 10:52:14 Asia/Manila] PHP Warning:  Undefined array key "city" in C:\xampp\htdocs\antishit\hrms\views\employees\edit.php on line 40
[19-Mar-2026 10:52:14 Asia/Manila] PHP Warning:  Undefined array key "sss_number" in C:\xampp\htdocs\antishit\hrms\views\employees\edit.php on line 44
[19-Mar-2026 10:52:14 Asia/Manila] PHP Warning:  Undefined array key "philhealth_number" in C:\xampp\htdocs\antishit\hrms\views\employees\edit.php on line 45
[19-Mar-2026 10:52:14 Asia/Manila] PHP Warning:  Undefined array key "pagibig_number" in C:\xampp\htdocs\antishit\hrms\views\employees\edit.php on line 46
[19-Mar-2026 10:52:14 Asia/Manila] PHP Warning:  Undefined array key "tin_number" in C:\xampp\htdocs\antishit\hrms\views\employees\edit.php on line 47
[19-Mar-2026 10:52:14 Asia/Manila] PHP Warning:  Undefined array key "emergency_contact_name" in C:\xampp\htdocs\antishit\hrms\views\employees\edit.php on line 50
[19-Mar-2026 10:52:14 Asia/Manila] PHP Warning:  Undefined array key "emergency_contact_phone" in C:\xampp\htdocs\antishit\hrms\views\employees\edit.php on line 51
[19-Mar-2026 10:52:14 Asia/Manila] PHP Warning:  Undefined array key "notes" in C:\xampp\htdocs\antishit\hrms\views\employees\edit.php on line 52
[19-Mar-2026 10:54:00 Asia/Manila] PHP Warning:  include(C:\xampp\htdocs\antishit\hrms/views/documents/index.php): Failed to open stream: No such file or directory in C:\xampp\htdocs\antishit\hrms\controllers\OtherControllers.php on line 494
[19-Mar-2026 10:54:00 Asia/Manila] PHP Warning:  include(): Failed opening 'C:\xampp\htdocs\antishit\hrms/views/documents/index.php' for inclusion (include_path='C:\xampp\php\PEAR') in C:\xampp\htdocs\antishit\hrms\controllers\OtherControllers.php on line 494
[19-Mar-2026 10:54:51 Asia/Manila] PHP Warning:  include(C:\xampp\htdocs\antishit\hrms/views/employees/profile.php): Failed to open stream: No such file or directory in C:\xampp\htdocs\antishit\hrms\controllers\DashboardController.php on line 70
[19-Mar-2026 10:54:51 Asia/Manila] PHP Warning:  include(): Failed opening 'C:\xampp\htdocs\antishit\hrms/views/employees/profile.php' for inclusion (include_path='C:\xampp\php\PEAR') in C:\xampp\htdocs\antishit\hrms\controllers\DashboardController.php on line 70
[19-Mar-2026 10:56:39 Asia/Manila] PHP Warning:  include(C:\xampp\htdocs\antishit\hrms/views/employees/profile.php): Failed to open stream: No such file or directory in C:\xampp\htdocs\antishit\hrms\controllers\DashboardController.php on line 70
[19-Mar-2026 10:56:39 Asia/Manila] PHP Warning:  include(): Failed opening 'C:\xampp\htdocs\antishit\hrms/views/employees/profile.php' for inclusion (include_path='C:\xampp\php\PEAR') in C:\xampp\htdocs\antishit\hrms\controllers\DashboardController.php on line 70
[19-Mar-2026 10:58:20 Asia/Manila] PHP Warning:  Undefined array key "active" in C:\xampp\htdocs\antishit\hrms\views\layouts\header.php on line 45
[19-Mar-2026 10:58:20 Asia/Manila] PHP Warning:  Undefined array key "active" in C:\xampp\htdocs\antishit\hrms\views\layouts\header.php on line 46
[19-Mar-2026 10:58:24 Asia/Manila] PHP Warning:  include(C:\xampp\htdocs\antishit\hrms/views/employees/profile.php): Failed to open stream: No such file or directory in C:\xampp\htdocs\antishit\hrms\controllers\DashboardController.php on line 70
[19-Mar-2026 10:58:24 Asia/Manila] PHP Warning:  include(): Failed opening 'C:\xampp\htdocs\antishit\hrms/views/employees/profile.php' for inclusion (include_path='C:\xampp\php\PEAR') in C:\xampp\htdocs\antishit\hrms\controllers\DashboardController.php on line 70
[19-Mar-2026 10:58:29 Asia/Manila] PHP Warning:  Undefined array key "active" in C:\xampp\htdocs\antishit\hrms\views\layouts\header.php on line 45
[19-Mar-2026 10:58:29 Asia/Manila] PHP Warning:  Undefined array key "active" in C:\xampp\htdocs\antishit\hrms\views\layouts\header.php on line 46
[19-Mar-2026 10:58:37 Asia/Manila] PHP Warning:  Undefined array key "active" in C:\xampp\htdocs\antishit\hrms\views\layouts\header.php on line 45
[19-Mar-2026 10:58:37 Asia/Manila] PHP Warning:  Undefined array key "active" in C:\xampp\htdocs\antishit\hrms\views\layouts\header.php on line 46
[19-Mar-2026 10:58:38 Asia/Manila] PHP Warning:  Undefined array key "active" in C:\xampp\htdocs\antishit\hrms\views\layouts\header.php on line 45
[19-Mar-2026 10:58:38 Asia/Manila] PHP Warning:  Undefined array key "active" in C:\xampp\htdocs\antishit\hrms\views\layouts\header.php on line 46
[19-Mar-2026 10:58:38 Asia/Manila] PHP Warning:  Undefined array key "active" in C:\xampp\htdocs\antishit\hrms\views\layouts\header.php on line 45
[19-Mar-2026 10:58:38 Asia/Manila] PHP Warning:  Undefined array key "active" in C:\xampp\htdocs\antishit\hrms\views\layouts\header.php on line 46
[19-Mar-2026 10:58:52 Asia/Manila] PHP Warning:  Undefined array key "active" in C:\xampp\htdocs\antishit\hrms\views\layouts\header.php on line 45
[19-Mar-2026 10:58:52 Asia/Manila] PHP Warning:  Undefined array key "active" in C:\xampp\htdocs\antishit\hrms\views\layouts\header.php on line 46
[19-Mar-2026 10:59:06 Asia/Manila] PHP Warning:  Undefined array key "active" in C:\xampp\htdocs\antishit\hrms\views\layouts\header.php on line 45
[19-Mar-2026 10:59:06 Asia/Manila] PHP Warning:  Undefined array key "active" in C:\xampp\htdocs\antishit\hrms\views\layouts\header.php on line 46
[19-Mar-2026 10:59:20 Asia/Manila] PHP Warning:  Undefined array key "active" in C:\xampp\htdocs\antishit\hrms\views\layouts\header.php on line 45
[19-Mar-2026 10:59:20 Asia/Manila] PHP Warning:  Undefined array key "active" in C:\xampp\htdocs\antishit\hrms\views\layouts\header.php on line 46
[19-Mar-2026 10:59:25 Asia/Manila] PHP Warning:  Undefined array key "active" in C:\xampp\htdocs\antishit\hrms\views\layouts\header.php on line 45
[19-Mar-2026 10:59:25 Asia/Manila] PHP Warning:  Undefined array key "active" in C:\xampp\htdocs\antishit\hrms\views\layouts\header.php on line 46
[19-Mar-2026 11:06:25 Asia/Manila] PHP Warning:  Undefined array key "active" in C:\xampp\htdocs\antishit\hrms\views\layouts\header.php on line 45
[19-Mar-2026 11:06:25 Asia/Manila] PHP Warning:  Undefined array key "active" in C:\xampp\htdocs\antishit\hrms\views\layouts\header.php on line 46
[19-Mar-2026 11:06:47 Asia/Manila] PHP Warning:  Undefined array key "active" in C:\xampp\htdocs\antishit\hrms\views\layouts\header.php on line 45
[19-Mar-2026 11:06:47 Asia/Manila] PHP Warning:  Undefined array key "active" in C:\xampp\htdocs\antishit\hrms\views\layouts\header.php on line 46
[19-Mar-2026 11:06:48 Asia/Manila] PHP Fatal error:  Uncaught PDOException: SQLSTATE[21S01]: Insert value list does not match column list: 1136 Column count doesn't match value count at row 1 in C:\xampp\htdocs\antishit\hrms\models\Payroll.php:83
Stack trace:
#0 C:\xampp\htdocs\antishit\hrms\models\Payroll.php(83): PDO->prepare('\n              ...')
#1 C:\xampp\htdocs\antishit\hrms\controllers\OtherControllers.php(256): Payroll->generateForPeriod(1)
#2 C:\xampp\htdocs\antishit\hrms\index.php(95): PayrollController->generate()
#3 {main}
  thrown in C:\xampp\htdocs\antishit\hrms\models\Payroll.php on line 83
[19-Mar-2026 11:06:50 Asia/Manila] PHP Warning:  Undefined array key "active" in C:\xampp\htdocs\antishit\hrms\views\layouts\header.php on line 45
[19-Mar-2026 11:06:50 Asia/Manila] PHP Warning:  Undefined array key "active" in C:\xampp\htdocs\antishit\hrms\views\layouts\header.php on line 46
[19-Mar-2026 11:06:58 Asia/Manila] PHP Warning:  Undefined array key "active" in C:\xampp\htdocs\antishit\hrms\views\layouts\header.php on line 45
[19-Mar-2026 11:06:58 Asia/Manila] PHP Warning:  Undefined array key "active" in C:\xampp\htdocs\antishit\hrms\views\layouts\header.php on line 46
[19-Mar-2026 11:08:13 Asia/Manila] PHP Warning:  Undefined array key "active" in C:\xampp\htdocs\antishit\hrms\views\layouts\header.php on line 45
[19-Mar-2026 11:08:13 Asia/Manila] PHP Warning:  Undefined array key "active" in C:\xampp\htdocs\antishit\hrms\views\layouts\header.php on line 46
[19-Mar-2026 11:08:20 Asia/Manila] PHP Warning:  Undefined array key "active" in C:\xampp\htdocs\antishit\hrms\views\layouts\header.php on line 45
[19-Mar-2026 11:08:20 Asia/Manila] PHP Warning:  Undefined array key "active" in C:\xampp\htdocs\antishit\hrms\views\layouts\header.php on line 46
[19-Mar-2026 11:09:11 Asia/Manila] PHP Warning:  Undefined array key "active" in C:\xampp\htdocs\antishit\hrms\views\layouts\header.php on line 45
[19-Mar-2026 11:09:11 Asia/Manila] PHP Warning:  Undefined array key "active" in C:\xampp\htdocs\antishit\hrms\views\layouts\header.php on line 46
[19-Mar-2026 11:11:49 Asia/Manila] PHP Warning:  Undefined array key "active" in C:\xampp\htdocs\antishit\hrms\views\layouts\header.php on line 45
[19-Mar-2026 11:11:49 Asia/Manila] PHP Warning:  Undefined array key "active" in C:\xampp\htdocs\antishit\hrms\views\layouts\header.php on line 46
[19-Mar-2026 11:12:13 Asia/Manila] PHP Warning:  Undefined array key "active" in C:\xampp\htdocs\antishit\hrms\views\layouts\header.php on line 45
[19-Mar-2026 11:12:13 Asia/Manila] PHP Warning:  Undefined array key "active" in C:\xampp\htdocs\antishit\hrms\views\layouts\header.php on line 46
[19-Mar-2026 11:12:32 Asia/Manila] PHP Warning:  Undefined array key "active" in C:\xampp\htdocs\antishit\hrms\views\layouts\header.php on line 45
[19-Mar-2026 11:12:32 Asia/Manila] PHP Warning:  Undefined array key "active" in C:\xampp\htdocs\antishit\hrms\views\layouts\header.php on line 46
[19-Mar-2026 11:13:55 Asia/Manila] PHP Warning:  Undefined array key "active" in C:\xampp\htdocs\antishit\hrms\views\layouts\header.php on line 45
[19-Mar-2026 11:13:55 Asia/Manila] PHP Warning:  Undefined array key "active" in C:\xampp\htdocs\antishit\hrms\views\layouts\header.php on line 46
[19-Mar-2026 11:13:55 Asia/Manila] PHP Warning:  Undefined array key "active" in C:\xampp\htdocs\antishit\hrms\views\layouts\header.php on line 45
[19-Mar-2026 11:13:55 Asia/Manila] PHP Warning:  Undefined array key "active" in C:\xampp\htdocs\antishit\hrms\views\layouts\header.php on line 46
[19-Mar-2026 11:13:56 Asia/Manila] PHP Warning:  Undefined array key "active" in C:\xampp\htdocs\antishit\hrms\views\layouts\header.php on line 45
[19-Mar-2026 11:13:56 Asia/Manila] PHP Warning:  Undefined array key "active" in C:\xampp\htdocs\antishit\hrms\views\layouts\header.php on line 46
[19-Mar-2026 11:15:23 Asia/Manila] PHP Warning:  Undefined array key "active" in C:\xampp\htdocs\antishit\hrms\views\layouts\header.php on line 45
[19-Mar-2026 11:15:23 Asia/Manila] PHP Warning:  Undefined array key "active" in C:\xampp\htdocs\antishit\hrms\views\layouts\header.php on line 46
[19-Mar-2026 11:15:53 Asia/Manila] PHP Warning:  Undefined array key "active" in C:\xampp\htdocs\antishit\hrms\views\layouts\header.php on line 45
[19-Mar-2026 11:15:53 Asia/Manila] PHP Warning:  Undefined array key "active" in C:\xampp\htdocs\antishit\hrms\views\layouts\header.php on line 46
[19-Mar-2026 11:18:04 Asia/Manila] PHP Warning:  Undefined array key "active" in C:\xampp\htdocs\antishit\hrms\views\layouts\header.php on line 45
[19-Mar-2026 11:18:04 Asia/Manila] PHP Warning:  Undefined array key "active" in C:\xampp\htdocs\antishit\hrms\views\layouts\header.php on line 46
[19-Mar-2026 11:19:16 Asia/Manila] PHP Fatal error:  Uncaught Error: Call to undefined method Notification::all() in C:\xampp\htdocs\antishit\hrms\views\layouts\header.php:71
Stack trace:
#0 C:\xampp\htdocs\antishit\hrms\views\dashboard\index.php(8): include()
#1 C:\xampp\htdocs\antishit\hrms\controllers\DashboardController.php(58): include('C:\\xampp\\htdocs...')
#2 C:\xampp\htdocs\antishit\hrms\index.php(95): DashboardController->index()
#3 {main}
  thrown in C:\xampp\htdocs\antishit\hrms\views\layouts\header.php on line 71
[19-Mar-2026 11:19:18 Asia/Manila] PHP Fatal error:  Uncaught Error: Call to undefined method Notification::all() in C:\xampp\htdocs\antishit\hrms\views\layouts\header.php:71
Stack trace:
#0 C:\xampp\htdocs\antishit\hrms\views\attendance\my.php(5): include()
#1 C:\xampp\htdocs\antishit\hrms\controllers\OtherControllers.php(35): include('C:\\xampp\\htdocs...')
#2 C:\xampp\htdocs\antishit\hrms\index.php(95): AttendanceController->my()
#3 {main}
  thrown in C:\xampp\htdocs\antishit\hrms\views\layouts\header.php on line 71
[19-Mar-2026 11:19:19 Asia/Manila] PHP Fatal error:  Uncaught Error: Call to undefined method Notification::all() in C:\xampp\htdocs\antishit\hrms\views\layouts\header.php:71
Stack trace:
#0 C:\xampp\htdocs\antishit\hrms\views\dashboard\index.php(8): include()
#1 C:\xampp\htdocs\antishit\hrms\controllers\DashboardController.php(58): include('C:\\xampp\\htdocs...')
#2 C:\xampp\htdocs\antishit\hrms\index.php(95): DashboardController->index()
#3 {main}
  thrown in C:\xampp\htdocs\antishit\hrms\views\layouts\header.php on line 71
[19-Mar-2026 11:19:19 Asia/Manila] PHP Fatal error:  Uncaught Error: Call to undefined method Notification::all() in C:\xampp\htdocs\antishit\hrms\views\layouts\header.php:71
Stack trace:
#0 C:\xampp\htdocs\antishit\hrms\views\leaves\index.php(5): include()
#1 C:\xampp\htdocs\antishit\hrms\controllers\OtherControllers.php(123): include('C:\\xampp\\htdocs...')
#2 C:\xampp\htdocs\antishit\hrms\index.php(95): LeaveController->index()
#3 {main}
  thrown in C:\xampp\htdocs\antishit\hrms\views\layouts\header.php on line 71
[19-Mar-2026 11:19:20 Asia/Manila] PHP Fatal error:  Uncaught Error: Call to undefined method Notification::all() in C:\xampp\htdocs\antishit\hrms\views\layouts\header.php:71
Stack trace:
#0 C:\xampp\htdocs\antishit\hrms\views\payroll\my_payslips.php(3): include()
#1 C:\xampp\htdocs\antishit\hrms\controllers\OtherControllers.php(313): include('C:\\xampp\\htdocs...')
#2 C:\xampp\htdocs\antishit\hrms\index.php(95): PayrollController->myPayslips()
#3 {main}
  thrown in C:\xampp\htdocs\antishit\hrms\views\layouts\header.php on line 71
[19-Mar-2026 11:19:22 Asia/Manila] PHP Fatal error:  Uncaught Error: Call to undefined method Notification::all() in C:\xampp\htdocs\antishit\hrms\views\layouts\header.php:71
Stack trace:
#0 C:\xampp\htdocs\antishit\hrms\views\performance\index.php(3): include()
#1 C:\xampp\htdocs\antishit\hrms\controllers\OtherControllers.php(412): include('C:\\xampp\\htdocs...')
#2 C:\xampp\htdocs\antishit\hrms\index.php(95): PerformanceController->index()
#3 {main}
  thrown in C:\xampp\htdocs\antishit\hrms\views\layouts\header.php on line 71
[19-Mar-2026 11:19:23 Asia/Manila] PHP Fatal error:  Uncaught Error: Call to undefined method Notification::all() in C:\xampp\htdocs\antishit\hrms\views\layouts\header.php:71
Stack trace:
#0 C:\xampp\htdocs\antishit\hrms\views\training\index.php(3): include()
#1 C:\xampp\htdocs\antishit\hrms\controllers\OtherControllers.php(461): include('C:\\xampp\\htdocs...')
#2 C:\xampp\htdocs\antishit\hrms\index.php(95): TrainingController->index()
#3 {main}
  thrown in C:\xampp\htdocs\antishit\hrms\views\layouts\header.php on line 71
[19-Mar-2026 11:19:25 Asia/Manila] PHP Fatal error:  Uncaught Error: Call to undefined method Notification::all() in C:\xampp\htdocs\antishit\hrms\views\layouts\header.php:71
Stack trace:
#0 C:\xampp\htdocs\antishit\hrms\views\documents\index.php(4): include()
#1 C:\xampp\htdocs\antishit\hrms\controllers\OtherControllers.php(514): include('C:\\xampp\\htdocs...')
#2 C:\xampp\htdocs\antishit\hrms\index.php(95): DocumentController->index()
#3 {main}
  thrown in C:\xampp\htdocs\antishit\hrms\views\layouts\header.php on line 71
[19-Mar-2026 11:19:26 Asia/Manila] PHP Fatal error:  Uncaught Error: Call to undefined method Notification::all() in C:\xampp\htdocs\antishit\hrms\views\layouts\header.php:71
Stack trace:
#0 C:\xampp\htdocs\antishit\hrms\views\attendance\my.php(5): include()
#1 C:\xampp\htdocs\antishit\hrms\controllers\OtherControllers.php(35): include('C:\\xampp\\htdocs...')
#2 C:\xampp\htdocs\antishit\hrms\index.php(95): AttendanceController->my()
#3 {main}
  thrown in C:\xampp\htdocs\antishit\hrms\views\layouts\header.php on line 71
[19-Mar-2026 11:19:42 Asia/Manila] PHP Fatal error:  Uncaught Error: Call to undefined method Notification::all() in C:\xampp\htdocs\antishit\hrms\views\layouts\header.php:71
Stack trace:
#0 C:\xampp\htdocs\antishit\hrms\views\dashboard\index.php(8): include()
#1 C:\xampp\htdocs\antishit\hrms\controllers\DashboardController.php(58): include('C:\\xampp\\htdocs...')
#2 C:\xampp\htdocs\antishit\hrms\index.php(95): DashboardController->index()
#3 {main}
  thrown in C:\xampp\htdocs\antishit\hrms\views\layouts\header.php on line 71
[19-Mar-2026 11:19:44 Asia/Manila] PHP Fatal error:  Uncaught Error: Call to undefined method Notification::all() in C:\xampp\htdocs\antishit\hrms\views\layouts\header.php:71
Stack trace:
#0 C:\xampp\htdocs\antishit\hrms\views\payroll\my_payslips.php(3): include()
#1 C:\xampp\htdocs\antishit\hrms\controllers\OtherControllers.php(313): include('C:\\xampp\\htdocs...')
#2 C:\xampp\htdocs\antishit\hrms\index.php(95): PayrollController->myPayslips()
#3 {main}
  thrown in C:\xampp\htdocs\antishit\hrms\views\layouts\header.php on line 71
[19-Mar-2026 11:20:58 Asia/Manila] PHP Fatal error:  Uncaught Error: Call to undefined method Notification::all() in C:\xampp\htdocs\antishit\hrms\views\layouts\header.php:71
Stack trace:
#0 C:\xampp\htdocs\antishit\hrms\views\dashboard\index.php(8): include()
#1 C:\xampp\htdocs\antishit\hrms\controllers\DashboardController.php(58): include('C:\\xampp\\htdocs...')
#2 C:\xampp\htdocs\antishit\hrms\index.php(95): DashboardController->index()
#3 {main}
  thrown in C:\xampp\htdocs\antishit\hrms\views\layouts\header.php on line 71
[19-Mar-2026 11:24:13 Asia/Manila] PHP Warning:  Undefined array key "active" in C:\xampp\htdocs\antishit\hrms\views\layouts\header.php on line 45
[19-Mar-2026 11:24:13 Asia/Manila] PHP Warning:  Undefined array key "active" in C:\xampp\htdocs\antishit\hrms\views\layouts\header.php on line 46
[19-Mar-2026 11:27:31 Asia/Manila] PHP Warning:  Undefined array key "active" in C:\xampp\htdocs\antishit\hrms\views\layouts\header.php on line 45
[19-Mar-2026 11:27:31 Asia/Manila] PHP Warning:  Undefined array key "active" in C:\xampp\htdocs\antishit\hrms\views\layouts\header.php on line 46
[19-Mar-2026 11:28:19 Asia/Manila] PHP Warning:  Undefined array key "active" in C:\xampp\htdocs\antishit\hrms\views\layouts\header.php on line 45
[19-Mar-2026 11:28:19 Asia/Manila] PHP Warning:  Undefined array key "active" in C:\xampp\htdocs\antishit\hrms\views\layouts\header.php on line 46
[19-Mar-2026 11:28:32 Asia/Manila] PHP Warning:  Undefined array key "active" in C:\xampp\htdocs\antishit\hrms\views\layouts\header.php on line 45
[19-Mar-2026 11:28:32 Asia/Manila] PHP Warning:  Undefined array key "active" in C:\xampp\htdocs\antishit\hrms\views\layouts\header.php on line 46
[19-Mar-2026 11:29:02 Asia/Manila] PHP Warning:  Undefined array key "active" in C:\xampp\htdocs\antishit\hrms\views\layouts\header.php on line 45
[19-Mar-2026 11:29:02 Asia/Manila] PHP Warning:  Undefined array key "active" in C:\xampp\htdocs\antishit\hrms\views\layouts\header.php on line 46
[19-Mar-2026 11:29:11 Asia/Manila] PHP Warning:  Undefined array key "active" in C:\xampp\htdocs\antishit\hrms\views\layouts\header.php on line 45
[19-Mar-2026 11:29:11 Asia/Manila] PHP Warning:  Undefined array key "active" in C:\xampp\htdocs\antishit\hrms\views\layouts\header.php on line 46
[19-Mar-2026 11:31:58 Asia/Manila] PHP Warning:  Undefined array key "active" in C:\xampp\htdocs\antishit\hrms\views\layouts\header.php on line 45
[19-Mar-2026 11:31:58 Asia/Manila] PHP Warning:  Undefined array key "active" in C:\xampp\htdocs\antishit\hrms\views\layouts\header.php on line 46
[19-Mar-2026 11:31:59 Asia/Manila] PHP Warning:  Undefined array key "active" in C:\xampp\htdocs\antishit\hrms\views\layouts\header.php on line 45
[19-Mar-2026 11:31:59 Asia/Manila] PHP Warning:  Undefined array key "active" in C:\xampp\htdocs\antishit\hrms\views\layouts\header.php on line 46
[19-Mar-2026 11:32:00 Asia/Manila] PHP Warning:  Undefined array key "active" in C:\xampp\htdocs\antishit\hrms\views\layouts\header.php on line 45
[19-Mar-2026 11:32:00 Asia/Manila] PHP Warning:  Undefined array key "active" in C:\xampp\htdocs\antishit\hrms\views\layouts\header.php on line 46
[19-Mar-2026 11:32:01 Asia/Manila] PHP Warning:  Undefined array key "active" in C:\xampp\htdocs\antishit\hrms\views\layouts\header.php on line 45
[19-Mar-2026 11:32:01 Asia/Manila] PHP Warning:  Undefined array key "active" in C:\xampp\htdocs\antishit\hrms\views\layouts\header.php on line 46
[19-Mar-2026 11:32:01 Asia/Manila] PHP Warning:  Undefined array key "active" in C:\xampp\htdocs\antishit\hrms\views\layouts\header.php on line 45
[19-Mar-2026 11:32:01 Asia/Manila] PHP Warning:  Undefined array key "active" in C:\xampp\htdocs\antishit\hrms\views\layouts\header.php on line 46
[19-Mar-2026 11:32:03 Asia/Manila] PHP Warning:  Undefined array key "active" in C:\xampp\htdocs\antishit\hrms\views\layouts\header.php on line 45
[19-Mar-2026 11:32:03 Asia/Manila] PHP Warning:  Undefined array key "active" in C:\xampp\htdocs\antishit\hrms\views\layouts\header.php on line 46
[19-Mar-2026 11:32:22 Asia/Manila] PHP Warning:  Undefined array key "active" in C:\xampp\htdocs\antishit\hrms\views\layouts\header.php on line 45
[19-Mar-2026 11:32:22 Asia/Manila] PHP Warning:  Undefined array key "active" in C:\xampp\htdocs\antishit\hrms\views\layouts\header.php on line 46
[19-Mar-2026 11:32:23 Asia/Manila] PHP Warning:  Undefined array key "active" in C:\xampp\htdocs\antishit\hrms\views\layouts\header.php on line 45
[19-Mar-2026 11:32:23 Asia/Manila] PHP Warning:  Undefined array key "active" in C:\xampp\htdocs\antishit\hrms\views\layouts\header.php on line 46
[19-Mar-2026 11:32:23 Asia/Manila] PHP Warning:  Undefined array key "active" in C:\xampp\htdocs\antishit\hrms\views\layouts\header.php on line 45
[19-Mar-2026 11:32:23 Asia/Manila] PHP Warning:  Undefined array key "active" in C:\xampp\htdocs\antishit\hrms\views\layouts\header.php on line 46
[19-Mar-2026 11:32:23 Asia/Manila] PHP Warning:  Undefined array key "active" in C:\xampp\htdocs\antishit\hrms\views\layouts\header.php on line 45
[19-Mar-2026 11:32:23 Asia/Manila] PHP Warning:  Undefined array key "active" in C:\xampp\htdocs\antishit\hrms\views\layouts\header.php on line 46
[19-Mar-2026 11:32:24 Asia/Manila] PHP Warning:  Undefined array key "active" in C:\xampp\htdocs\antishit\hrms\views\layouts\header.php on line 45
[19-Mar-2026 11:32:24 Asia/Manila] PHP Warning:  Undefined array key "active" in C:\xampp\htdocs\antishit\hrms\views\layouts\header.php on line 46
[19-Mar-2026 11:32:24 Asia/Manila] PHP Warning:  Undefined array key "active" in C:\xampp\htdocs\antishit\hrms\views\layouts\header.php on line 45
[19-Mar-2026 11:32:24 Asia/Manila] PHP Warning:  Undefined array key "active" in C:\xampp\htdocs\antishit\hrms\views\layouts\header.php on line 46
[19-Mar-2026 11:32:24 Asia/Manila] PHP Warning:  Undefined array key "active" in C:\xampp\htdocs\antishit\hrms\views\layouts\header.php on line 45
[19-Mar-2026 11:32:24 Asia/Manila] PHP Warning:  Undefined array key "active" in C:\xampp\htdocs\antishit\hrms\views\layouts\header.php on line 46
[19-Mar-2026 11:32:25 Asia/Manila] PHP Warning:  Undefined array key "active" in C:\xampp\htdocs\antishit\hrms\views\layouts\header.php on line 45
[19-Mar-2026 11:32:25 Asia/Manila] PHP Warning:  Undefined array key "active" in C:\xampp\htdocs\antishit\hrms\views\layouts\header.php on line 46
[19-Mar-2026 11:32:26 Asia/Manila] PHP Warning:  Undefined array key "active" in C:\xampp\htdocs\antishit\hrms\views\layouts\header.php on line 45
[19-Mar-2026 11:32:26 Asia/Manila] PHP Warning:  Undefined array key "active" in C:\xampp\htdocs\antishit\hrms\views\layouts\header.php on line 46
[19-Mar-2026 11:32:39 Asia/Manila] PHP Warning:  Undefined array key "active" in C:\xampp\htdocs\antishit\hrms\views\layouts\header.php on line 45
[19-Mar-2026 11:32:39 Asia/Manila] PHP Warning:  Undefined array key "active" in C:\xampp\htdocs\antishit\hrms\views\layouts\header.php on line 46
[19-Mar-2026 11:32:40 Asia/Manila] PHP Warning:  Undefined array key "active" in C:\xampp\htdocs\antishit\hrms\views\layouts\header.php on line 45
[19-Mar-2026 11:32:40 Asia/Manila] PHP Warning:  Undefined array key "active" in C:\xampp\htdocs\antishit\hrms\views\layouts\header.php on line 46
[19-Mar-2026 11:33:22 Asia/Manila] PHP Warning:  Undefined array key "active" in C:\xampp\htdocs\antishit\hrms\views\layouts\header.php on line 45
[19-Mar-2026 11:33:22 Asia/Manila] PHP Warning:  Undefined array key "active" in C:\xampp\htdocs\antishit\hrms\views\layouts\header.php on line 46
[19-Mar-2026 11:34:06 Asia/Manila] PHP Warning:  include(C:\xampp\htdocs\antishit\hrms/views/attendance/edit.php): Failed to open stream: No such file or directory in C:\xampp\htdocs\antishit\hrms\controllers\OtherControllers.php on line 101
[19-Mar-2026 11:34:06 Asia/Manila] PHP Warning:  include(): Failed opening 'C:\xampp\htdocs\antishit\hrms/views/attendance/edit.php' for inclusion (include_path='C:\xampp\php\PEAR') in C:\xampp\htdocs\antishit\hrms\controllers\OtherControllers.php on line 101
[19-Mar-2026 11:34:11 Asia/Manila] PHP Warning:  Undefined array key "active" in C:\xampp\htdocs\antishit\hrms\views\layouts\header.php on line 45
[19-Mar-2026 11:34:11 Asia/Manila] PHP Warning:  Undefined array key "active" in C:\xampp\htdocs\antishit\hrms\views\layouts\header.php on line 46
[19-Mar-2026 11:34:20 Asia/Manila] PHP Warning:  Undefined array key "active" in C:\xampp\htdocs\antishit\hrms\views\layouts\header.php on line 45
[19-Mar-2026 11:34:20 Asia/Manila] PHP Warning:  Undefined array key "active" in C:\xampp\htdocs\antishit\hrms\views\layouts\header.php on line 46
[19-Mar-2026 11:34:52 Asia/Manila] PHP Warning:  Undefined array key "active" in C:\xampp\htdocs\antishit\hrms\views\layouts\header.php on line 45
[19-Mar-2026 11:34:52 Asia/Manila] PHP Warning:  Undefined array key "active" in C:\xampp\htdocs\antishit\hrms\views\layouts\header.php on line 46
[19-Mar-2026 11:37:31 Asia/Manila] PHP Warning:  Undefined array key "active" in C:\xampp\htdocs\antishit\hrms\views\layouts\header.php on line 45
[19-Mar-2026 11:37:31 Asia/Manila] PHP Warning:  Undefined array key "active" in C:\xampp\htdocs\antishit\hrms\views\layouts\header.php on line 46
[19-Mar-2026 11:37:51 Asia/Manila] PHP Warning:  Undefined array key "civil_status" in C:\xampp\htdocs\antishit\hrms\views\employees\edit.php on line 38
[19-Mar-2026 11:37:51 Asia/Manila] PHP Warning:  Undefined array key "civil_status" in C:\xampp\htdocs\antishit\hrms\views\employees\edit.php on line 38
[19-Mar-2026 11:37:51 Asia/Manila] PHP Warning:  Undefined array key "civil_status" in C:\xampp\htdocs\antishit\hrms\views\employees\edit.php on line 38
[19-Mar-2026 11:37:51 Asia/Manila] PHP Warning:  Undefined array key "civil_status" in C:\xampp\htdocs\antishit\hrms\views\employees\edit.php on line 38
[19-Mar-2026 11:37:51 Asia/Manila] PHP Warning:  Undefined array key "address" in C:\xampp\htdocs\antishit\hrms\views\employees\edit.php on line 39
[19-Mar-2026 11:37:51 Asia/Manila] PHP Warning:  Undefined array key "city" in C:\xampp\htdocs\antishit\hrms\views\employees\edit.php on line 40
[19-Mar-2026 11:37:51 Asia/Manila] PHP Warning:  Undefined array key "sss_number" in C:\xampp\htdocs\antishit\hrms\views\employees\edit.php on line 44
[19-Mar-2026 11:37:51 Asia/Manila] PHP Warning:  Undefined array key "philhealth_number" in C:\xampp\htdocs\antishit\hrms\views\employees\edit.php on line 45
[19-Mar-2026 11:37:51 Asia/Manila] PHP Warning:  Undefined array key "pagibig_number" in C:\xampp\htdocs\antishit\hrms\views\employees\edit.php on line 46
[19-Mar-2026 11:37:51 Asia/Manila] PHP Warning:  Undefined array key "tin_number" in C:\xampp\htdocs\antishit\hrms\views\employees\edit.php on line 47
[19-Mar-2026 11:37:51 Asia/Manila] PHP Warning:  Undefined array key "emergency_contact_name" in C:\xampp\htdocs\antishit\hrms\views\employees\edit.php on line 50
[19-Mar-2026 11:37:51 Asia/Manila] PHP Warning:  Undefined array key "emergency_contact_phone" in C:\xampp\htdocs\antishit\hrms\views\employees\edit.php on line 51
[19-Mar-2026 11:37:51 Asia/Manila] PHP Warning:  Undefined array key "notes" in C:\xampp\htdocs\antishit\hrms\views\employees\edit.php on line 52
[19-Mar-2026 11:37:59 Asia/Manila] PHP Warning:  include(C:\xampp\htdocs\antishit\hrms/views/attendance/edit.php): Failed to open stream: No such file or directory in C:\xampp\htdocs\antishit\hrms\controllers\OtherControllers.php on line 101
[19-Mar-2026 11:37:59 Asia/Manila] PHP Warning:  include(): Failed opening 'C:\xampp\htdocs\antishit\hrms/views/attendance/edit.php' for inclusion (include_path='C:\xampp\php\PEAR') in C:\xampp\htdocs\antishit\hrms\controllers\OtherControllers.php on line 101
[19-Mar-2026 11:38:29 Asia/Manila] PHP Warning:  include(C:\xampp\htdocs\antishit\hrms/views/attendance/edit.php): Failed to open stream: No such file or directory in C:\xampp\htdocs\antishit\hrms\controllers\OtherControllers.php on line 101
[19-Mar-2026 11:38:29 Asia/Manila] PHP Warning:  include(): Failed opening 'C:\xampp\htdocs\antishit\hrms/views/attendance/edit.php' for inclusion (include_path='C:\xampp\php\PEAR') in C:\xampp\htdocs\antishit\hrms\controllers\OtherControllers.php on line 101
[19-Mar-2026 11:38:49 Asia/Manila] PHP Warning:  Undefined array key "active" in C:\xampp\htdocs\antishit\hrms\views\layouts\header.php on line 45
[19-Mar-2026 11:38:49 Asia/Manila] PHP Warning:  Undefined array key "active" in C:\xampp\htdocs\antishit\hrms\views\layouts\header.php on line 46
[19-Mar-2026 11:39:14 Asia/Manila] PHP Warning:  Undefined array key "active" in C:\xampp\htdocs\antishit\hrms\views\layouts\header.php on line 45
[19-Mar-2026 11:39:14 Asia/Manila] PHP Warning:  Undefined array key "active" in C:\xampp\htdocs\antishit\hrms\views\layouts\header.php on line 46
[19-Mar-2026 11:42:12 Asia/Manila] PHP Warning:  Undefined array key "active" in C:\xampp\htdocs\antishit\hrms\views\layouts\header.php on line 45
[19-Mar-2026 11:42:12 Asia/Manila] PHP Warning:  Undefined array key "active" in C:\xampp\htdocs\antishit\hrms\views\layouts\header.php on line 46
[19-Mar-2026 11:42:13 Asia/Manila] PHP Warning:  Undefined array key "active" in C:\xampp\htdocs\antishit\hrms\views\layouts\header.php on line 45
[19-Mar-2026 11:42:13 Asia/Manila] PHP Warning:  Undefined array key "active" in C:\xampp\htdocs\antishit\hrms\views\layouts\header.php on line 46
[19-Mar-2026 11:42:18 Asia/Manila] PHP Warning:  include(C:\xampp\htdocs\antishit\hrms/views/attendance/edit.php): Failed to open stream: No such file or directory in C:\xampp\htdocs\antishit\hrms\controllers\OtherControllers.php on line 101
[19-Mar-2026 11:42:18 Asia/Manila] PHP Warning:  include(): Failed opening 'C:\xampp\htdocs\antishit\hrms/views/attendance/edit.php' for inclusion (include_path='C:\xampp\php\PEAR') in C:\xampp\htdocs\antishit\hrms\controllers\OtherControllers.php on line 101
[19-Mar-2026 11:43:59 Asia/Manila] PHP Warning:  Undefined array key "civil_status" in C:\xampp\htdocs\antishit\hrms\views\employees\edit.php on line 38
[19-Mar-2026 11:43:59 Asia/Manila] PHP Warning:  Undefined array key "civil_status" in C:\xampp\htdocs\antishit\hrms\views\employees\edit.php on line 38
[19-Mar-2026 11:43:59 Asia/Manila] PHP Warning:  Undefined array key "civil_status" in C:\xampp\htdocs\antishit\hrms\views\employees\edit.php on line 38
[19-Mar-2026 11:43:59 Asia/Manila] PHP Warning:  Undefined array key "civil_status" in C:\xampp\htdocs\antishit\hrms\views\employees\edit.php on line 38
[19-Mar-2026 11:43:59 Asia/Manila] PHP Warning:  Undefined array key "address" in C:\xampp\htdocs\antishit\hrms\views\employees\edit.php on line 39
[19-Mar-2026 11:43:59 Asia/Manila] PHP Warning:  Undefined array key "city" in C:\xampp\htdocs\antishit\hrms\views\employees\edit.php on line 40
[19-Mar-2026 11:43:59 Asia/Manila] PHP Warning:  Undefined array key "sss_number" in C:\xampp\htdocs\antishit\hrms\views\employees\edit.php on line 44
[19-Mar-2026 11:43:59 Asia/Manila] PHP Warning:  Undefined array key "philhealth_number" in C:\xampp\htdocs\antishit\hrms\views\employees\edit.php on line 45
[19-Mar-2026 11:43:59 Asia/Manila] PHP Warning:  Undefined array key "pagibig_number" in C:\xampp\htdocs\antishit\hrms\views\employees\edit.php on line 46
[19-Mar-2026 11:43:59 Asia/Manila] PHP Warning:  Undefined array key "tin_number" in C:\xampp\htdocs\antishit\hrms\views\employees\edit.php on line 47
[19-Mar-2026 11:43:59 Asia/Manila] PHP Warning:  Undefined array key "emergency_contact_name" in C:\xampp\htdocs\antishit\hrms\views\employees\edit.php on line 50
[19-Mar-2026 11:43:59 Asia/Manila] PHP Warning:  Undefined array key "emergency_contact_phone" in C:\xampp\htdocs\antishit\hrms\views\employees\edit.php on line 51
[19-Mar-2026 11:43:59 Asia/Manila] PHP Warning:  Undefined array key "notes" in C:\xampp\htdocs\antishit\hrms\views\employees\edit.php on line 52
[19-Mar-2026 12:08:21 Asia/Manila] PHP Warning:  Undefined array key "civil_status" in C:\xampp\htdocs\antishit\hrms\views\employees\edit.php on line 38
[19-Mar-2026 12:08:21 Asia/Manila] PHP Warning:  Undefined array key "civil_status" in C:\xampp\htdocs\antishit\hrms\views\employees\edit.php on line 38
[19-Mar-2026 12:08:21 Asia/Manila] PHP Warning:  Undefined array key "civil_status" in C:\xampp\htdocs\antishit\hrms\views\employees\edit.php on line 38
[19-Mar-2026 12:08:21 Asia/Manila] PHP Warning:  Undefined array key "civil_status" in C:\xampp\htdocs\antishit\hrms\views\employees\edit.php on line 38
[19-Mar-2026 12:08:21 Asia/Manila] PHP Warning:  Undefined array key "address" in C:\xampp\htdocs\antishit\hrms\views\employees\edit.php on line 39
[19-Mar-2026 12:08:21 Asia/Manila] PHP Warning:  Undefined array key "city" in C:\xampp\htdocs\antishit\hrms\views\employees\edit.php on line 40
[19-Mar-2026 12:08:21 Asia/Manila] PHP Warning:  Undefined array key "sss_number" in C:\xampp\htdocs\antishit\hrms\views\employees\edit.php on line 44
[19-Mar-2026 12:08:21 Asia/Manila] PHP Warning:  Undefined array key "philhealth_number" in C:\xampp\htdocs\antishit\hrms\views\employees\edit.php on line 45
[19-Mar-2026 12:08:21 Asia/Manila] PHP Warning:  Undefined array key "pagibig_number" in C:\xampp\htdocs\antishit\hrms\views\employees\edit.php on line 46
[19-Mar-2026 12:08:21 Asia/Manila] PHP Warning:  Undefined array key "tin_number" in C:\xampp\htdocs\antishit\hrms\views\employees\edit.php on line 47
[19-Mar-2026 12:08:21 Asia/Manila] PHP Warning:  Undefined array key "emergency_contact_name" in C:\xampp\htdocs\antishit\hrms\views\employees\edit.php on line 50
[19-Mar-2026 12:08:21 Asia/Manila] PHP Warning:  Undefined array key "emergency_contact_phone" in C:\xampp\htdocs\antishit\hrms\views\employees\edit.php on line 51
[19-Mar-2026 12:08:21 Asia/Manila] PHP Warning:  Undefined array key "notes" in C:\xampp\htdocs\antishit\hrms\views\employees\edit.php on line 52
[19-Mar-2026 12:08:31 Asia/Manila] PHP Warning:  Undefined array key "user_id" in C:\xampp\htdocs\antishit\hrms\controllers\EmployeeController.php on line 162
[19-Mar-2026 12:08:31 Asia/Manila] PHP Fatal error:  Uncaught TypeError: User::update(): Argument #1 ($id) must be of type int, null given, called in C:\xampp\htdocs\antishit\hrms\controllers\EmployeeController.php on line 162 and defined in C:\xampp\htdocs\antishit\hrms\models\User.php:60
Stack trace:
#0 C:\xampp\htdocs\antishit\hrms\controllers\EmployeeController.php(162): User->update(NULL, Array)
#1 C:\xampp\htdocs\antishit\hrms\index.php(95): EmployeeController->edit()
#2 {main}
  thrown in C:\xampp\htdocs\antishit\hrms\models\User.php on line 60
[19-Mar-2026 12:12:42 Asia/Manila] PHP Warning:  Undefined array key "civil_status" in C:\xampp\htdocs\antishit\hrms\views\employees\edit.php on line 38
[19-Mar-2026 12:12:42 Asia/Manila] PHP Warning:  Undefined array key "civil_status" in C:\xampp\htdocs\antishit\hrms\views\employees\edit.php on line 38
[19-Mar-2026 12:12:42 Asia/Manila] PHP Warning:  Undefined array key "civil_status" in C:\xampp\htdocs\antishit\hrms\views\employees\edit.php on line 38
[19-Mar-2026 12:12:42 Asia/Manila] PHP Warning:  Undefined array key "civil_status" in C:\xampp\htdocs\antishit\hrms\views\employees\edit.php on line 38
[19-Mar-2026 12:12:42 Asia/Manila] PHP Warning:  Undefined array key "address" in C:\xampp\htdocs\antishit\hrms\views\employees\edit.php on line 39
[19-Mar-2026 12:12:42 Asia/Manila] PHP Warning:  Undefined array key "city" in C:\xampp\htdocs\antishit\hrms\views\employees\edit.php on line 40
[19-Mar-2026 12:12:42 Asia/Manila] PHP Warning:  Undefined array key "sss_number" in C:\xampp\htdocs\antishit\hrms\views\employees\edit.php on line 44
[19-Mar-2026 12:12:42 Asia/Manila] PHP Warning:  Undefined array key "philhealth_number" in C:\xampp\htdocs\antishit\hrms\views\employees\edit.php on line 45
[19-Mar-2026 12:12:42 Asia/Manila] PHP Warning:  Undefined array key "pagibig_number" in C:\xampp\htdocs\antishit\hrms\views\employees\edit.php on line 46
[19-Mar-2026 12:12:42 Asia/Manila] PHP Warning:  Undefined array key "tin_number" in C:\xampp\htdocs\antishit\hrms\views\employees\edit.php on line 47
[19-Mar-2026 12:12:42 Asia/Manila] PHP Warning:  Undefined array key "emergency_contact_name" in C:\xampp\htdocs\antishit\hrms\views\employees\edit.php on line 50
[19-Mar-2026 12:12:42 Asia/Manila] PHP Warning:  Undefined array key "emergency_contact_phone" in C:\xampp\htdocs\antishit\hrms\views\employees\edit.php on line 51
[19-Mar-2026 12:12:42 Asia/Manila] PHP Warning:  Undefined array key "notes" in C:\xampp\htdocs\antishit\hrms\views\employees\edit.php on line 52
[19-Mar-2026 12:15:00 Asia/Manila] PHP Warning:  Undefined array key "civil_status" in C:\xampp\htdocs\antishit\hrms\views\employees\edit.php on line 38
[19-Mar-2026 12:15:00 Asia/Manila] PHP Warning:  Undefined array key "civil_status" in C:\xampp\htdocs\antishit\hrms\views\employees\edit.php on line 38
[19-Mar-2026 12:15:00 Asia/Manila] PHP Warning:  Undefined array key "civil_status" in C:\xampp\htdocs\antishit\hrms\views\employees\edit.php on line 38
[19-Mar-2026 12:15:00 Asia/Manila] PHP Warning:  Undefined array key "civil_status" in C:\xampp\htdocs\antishit\hrms\views\employees\edit.php on line 38
[19-Mar-2026 12:15:00 Asia/Manila] PHP Warning:  Undefined array key "address" in C:\xampp\htdocs\antishit\hrms\views\employees\edit.php on line 39
[19-Mar-2026 12:15:00 Asia/Manila] PHP Warning:  Undefined array key "city" in C:\xampp\htdocs\antishit\hrms\views\employees\edit.php on line 40
[19-Mar-2026 12:15:00 Asia/Manila] PHP Warning:  Undefined array key "sss_number" in C:\xampp\htdocs\antishit\hrms\views\employees\edit.php on line 44
[19-Mar-2026 12:15:00 Asia/Manila] PHP Warning:  Undefined array key "philhealth_number" in C:\xampp\htdocs\antishit\hrms\views\employees\edit.php on line 45
[19-Mar-2026 12:15:00 Asia/Manila] PHP Warning:  Undefined array key "pagibig_number" in C:\xampp\htdocs\antishit\hrms\views\employees\edit.php on line 46
[19-Mar-2026 12:15:00 Asia/Manila] PHP Warning:  Undefined array key "tin_number" in C:\xampp\htdocs\antishit\hrms\views\employees\edit.php on line 47
[19-Mar-2026 12:15:00 Asia/Manila] PHP Warning:  Undefined array key "emergency_contact_name" in C:\xampp\htdocs\antishit\hrms\views\employees\edit.php on line 50
[19-Mar-2026 12:15:00 Asia/Manila] PHP Warning:  Undefined array key "emergency_contact_phone" in C:\xampp\htdocs\antishit\hrms\views\employees\edit.php on line 51
[19-Mar-2026 12:15:00 Asia/Manila] PHP Warning:  Undefined array key "notes" in C:\xampp\htdocs\antishit\hrms\views\employees\edit.php on line 52
[19-Mar-2026 12:26:34 Asia/Manila] PHP Fatal error:  Uncaught PDOException: SQLSTATE[23000]: Integrity constraint violation: 1052 Column 'status' in field list is ambiguous in C:\xampp\htdocs\antishit\hrms\models\Attendance.php:122
Stack trace:
#0 C:\xampp\htdocs\antishit\hrms\models\Attendance.php(122): PDO->prepare('SELECT \n       ...')
#1 C:\xampp\htdocs\antishit\hrms\controllers\DashboardController.php(48): Attendance->todayStats(3)
#2 C:\xampp\htdocs\antishit\hrms\index.php(95): DashboardController->index()
#3 {main}
  thrown in C:\xampp\htdocs\antishit\hrms\models\Attendance.php on line 122
[19-Mar-2026 12:26:35 Asia/Manila] PHP Fatal error:  Uncaught PDOException: SQLSTATE[23000]: Integrity constraint violation: 1052 Column 'status' in field list is ambiguous in C:\xampp\htdocs\antishit\hrms\models\Attendance.php:122
Stack trace:
#0 C:\xampp\htdocs\antishit\hrms\models\Attendance.php(122): PDO->prepare('SELECT \n       ...')
#1 C:\xampp\htdocs\antishit\hrms\controllers\DashboardController.php(48): Attendance->todayStats(3)
#2 C:\xampp\htdocs\antishit\hrms\index.php(95): DashboardController->index()
#3 {main}
  thrown in C:\xampp\htdocs\antishit\hrms\models\Attendance.php on line 122
[19-Mar-2026 12:26:35 Asia/Manila] PHP Fatal error:  Uncaught PDOException: SQLSTATE[23000]: Integrity constraint violation: 1052 Column 'status' in field list is ambiguous in C:\xampp\htdocs\antishit\hrms\models\Attendance.php:122
Stack trace:
#0 C:\xampp\htdocs\antishit\hrms\models\Attendance.php(122): PDO->prepare('SELECT \n       ...')
#1 C:\xampp\htdocs\antishit\hrms\controllers\DashboardController.php(48): Attendance->todayStats(3)
#2 C:\xampp\htdocs\antishit\hrms\index.php(95): DashboardController->index()
#3 {main}
  thrown in C:\xampp\htdocs\antishit\hrms\models\Attendance.php on line 122
[19-Mar-2026 12:27:56 Asia/Manila] PHP Fatal error:  Uncaught PDOException: SQLSTATE[23000]: Integrity constraint violation: 1052 Column 'status' in field list is ambiguous in C:\xampp\htdocs\antishit\hrms\models\Attendance.php:122
Stack trace:
#0 C:\xampp\htdocs\antishit\hrms\models\Attendance.php(122): PDO->prepare('SELECT \n       ...')
#1 C:\xampp\htdocs\antishit\hrms\controllers\DashboardController.php(48): Attendance->todayStats(3)
#2 C:\xampp\htdocs\antishit\hrms\index.php(95): DashboardController->index()
#3 {main}
  thrown in C:\xampp\htdocs\antishit\hrms\models\Attendance.php on line 122
[19-Mar-2026 12:28:12 Asia/Manila] PHP Fatal error:  Uncaught PDOException: SQLSTATE[23000]: Integrity constraint violation: 1052 Column 'status' in field list is ambiguous in C:\xampp\htdocs\antishit\hrms\models\Attendance.php:122
Stack trace:
#0 C:\xampp\htdocs\antishit\hrms\models\Attendance.php(122): PDO->prepare('SELECT \n       ...')
#1 C:\xampp\htdocs\antishit\hrms\controllers\DashboardController.php(48): Attendance->todayStats(3)
#2 C:\xampp\htdocs\antishit\hrms\index.php(95): DashboardController->index()
#3 {main}
  thrown in C:\xampp\htdocs\antishit\hrms\models\Attendance.php on line 122
[19-Mar-2026 12:28:46 Asia/Manila] PHP Warning:  Undefined array key "civil_status" in C:\xampp\htdocs\antishit\hrms\views\employees\edit.php on line 38
[19-Mar-2026 12:28:46 Asia/Manila] PHP Warning:  Undefined array key "civil_status" in C:\xampp\htdocs\antishit\hrms\views\employees\edit.php on line 38
[19-Mar-2026 12:28:46 Asia/Manila] PHP Warning:  Undefined array key "civil_status" in C:\xampp\htdocs\antishit\hrms\views\employees\edit.php on line 38
[19-Mar-2026 12:28:46 Asia/Manila] PHP Warning:  Undefined array key "civil_status" in C:\xampp\htdocs\antishit\hrms\views\employees\edit.php on line 38
[19-Mar-2026 12:28:46 Asia/Manila] PHP Warning:  Undefined array key "address" in C:\xampp\htdocs\antishit\hrms\views\employees\edit.php on line 39
[19-Mar-2026 12:28:46 Asia/Manila] PHP Warning:  Undefined array key "city" in C:\xampp\htdocs\antishit\hrms\views\employees\edit.php on line 40
[19-Mar-2026 12:28:46 Asia/Manila] PHP Warning:  Undefined array key "sss_number" in C:\xampp\htdocs\antishit\hrms\views\employees\edit.php on line 44
[19-Mar-2026 12:28:46 Asia/Manila] PHP Warning:  Undefined array key "philhealth_number" in C:\xampp\htdocs\antishit\hrms\views\employees\edit.php on line 45
[19-Mar-2026 12:28:46 Asia/Manila] PHP Warning:  Undefined array key "pagibig_number" in C:\xampp\htdocs\antishit\hrms\views\employees\edit.php on line 46
[19-Mar-2026 12:28:46 Asia/Manila] PHP Warning:  Undefined array key "tin_number" in C:\xampp\htdocs\antishit\hrms\views\employees\edit.php on line 47
[19-Mar-2026 12:28:46 Asia/Manila] PHP Warning:  Undefined array key "emergency_contact_name" in C:\xampp\htdocs\antishit\hrms\views\employees\edit.php on line 50
[19-Mar-2026 12:28:46 Asia/Manila] PHP Warning:  Undefined array key "emergency_contact_phone" in C:\xampp\htdocs\antishit\hrms\views\employees\edit.php on line 51
[19-Mar-2026 12:28:46 Asia/Manila] PHP Warning:  Undefined array key "notes" in C:\xampp\htdocs\antishit\hrms\views\employees\edit.php on line 52
[19-Mar-2026 12:29:15 Asia/Manila] PHP Fatal error:  Uncaught PDOException: SQLSTATE[23000]: Integrity constraint violation: 1052 Column 'status' in field list is ambiguous in C:\xampp\htdocs\antishit\hrms\models\Attendance.php:122
Stack trace:
#0 C:\xampp\htdocs\antishit\hrms\models\Attendance.php(122): PDO->prepare('SELECT \n       ...')
#1 C:\xampp\htdocs\antishit\hrms\controllers\DashboardController.php(48): Attendance->todayStats(1)
#2 C:\xampp\htdocs\antishit\hrms\index.php(95): DashboardController->index()
#3 {main}
  thrown in C:\xampp\htdocs\antishit\hrms\models\Attendance.php on line 122
[19-Mar-2026 12:29:16 Asia/Manila] PHP Fatal error:  Uncaught PDOException: SQLSTATE[23000]: Integrity constraint violation: 1052 Column 'status' in field list is ambiguous in C:\xampp\htdocs\antishit\hrms\models\Attendance.php:122
Stack trace:
#0 C:\xampp\htdocs\antishit\hrms\models\Attendance.php(122): PDO->prepare('SELECT \n       ...')
#1 C:\xampp\htdocs\antishit\hrms\controllers\DashboardController.php(48): Attendance->todayStats(1)
#2 C:\xampp\htdocs\antishit\hrms\index.php(95): DashboardController->index()
#3 {main}
  thrown in C:\xampp\htdocs\antishit\hrms\models\Attendance.php on line 122
[19-Mar-2026 12:29:17 Asia/Manila] PHP Fatal error:  Uncaught PDOException: SQLSTATE[23000]: Integrity constraint violation: 1052 Column 'status' in field list is ambiguous in C:\xampp\htdocs\antishit\hrms\models\Attendance.php:122
Stack trace:
#0 C:\xampp\htdocs\antishit\hrms\models\Attendance.php(122): PDO->prepare('SELECT \n       ...')
#1 C:\xampp\htdocs\antishit\hrms\controllers\DashboardController.php(48): Attendance->todayStats(1)
#2 C:\xampp\htdocs\antishit\hrms\index.php(95): DashboardController->index()
#3 {main}
  thrown in C:\xampp\htdocs\antishit\hrms\models\Attendance.php on line 122
[19-Mar-2026 12:29:20 Asia/Manila] PHP Fatal error:  Uncaught PDOException: SQLSTATE[23000]: Integrity constraint violation: 1052 Column 'status' in field list is ambiguous in C:\xampp\htdocs\antishit\hrms\models\Attendance.php:122
Stack trace:
#0 C:\xampp\htdocs\antishit\hrms\models\Attendance.php(122): PDO->prepare('SELECT \n       ...')
#1 C:\xampp\htdocs\antishit\hrms\controllers\DashboardController.php(48): Attendance->todayStats(1)
#2 C:\xampp\htdocs\antishit\hrms\index.php(95): DashboardController->index()
#3 {main}
  thrown in C:\xampp\htdocs\antishit\hrms\models\Attendance.php on line 122
[19-Mar-2026 12:29:20 Asia/Manila] PHP Fatal error:  Uncaught PDOException: SQLSTATE[23000]: Integrity constraint violation: 1052 Column 'status' in field list is ambiguous in C:\xampp\htdocs\antishit\hrms\models\Attendance.php:122
Stack trace:
#0 C:\xampp\htdocs\antishit\hrms\models\Attendance.php(122): PDO->prepare('SELECT \n       ...')
#1 C:\xampp\htdocs\antishit\hrms\controllers\DashboardController.php(48): Attendance->todayStats(1)
#2 C:\xampp\htdocs\antishit\hrms\index.php(95): DashboardController->index()
#3 {main}
  thrown in C:\xampp\htdocs\antishit\hrms\models\Attendance.php on line 122
[19-Mar-2026 12:29:43 Asia/Manila] PHP Fatal error:  Uncaught PDOException: SQLSTATE[23000]: Integrity constraint violation: 1052 Column 'status' in field list is ambiguous in C:\xampp\htdocs\antishit\hrms\models\Attendance.php:122
Stack trace:
#0 C:\xampp\htdocs\antishit\hrms\models\Attendance.php(122): PDO->prepare('SELECT \n       ...')
#1 C:\xampp\htdocs\antishit\hrms\controllers\DashboardController.php(48): Attendance->todayStats(1)
#2 C:\xampp\htdocs\antishit\hrms\index.php(95): DashboardController->index()
#3 {main}
  thrown in C:\xampp\htdocs\antishit\hrms\models\Attendance.php on line 122
[19-Mar-2026 12:31:06 Asia/Manila] PHP Fatal error:  Uncaught PDOException: SQLSTATE[23000]: Integrity constraint violation: 1052 Column 'status' in field list is ambiguous in C:\xampp\htdocs\antishit\hrms\models\Attendance.php:122
Stack trace:
#0 C:\xampp\htdocs\antishit\hrms\models\Attendance.php(122): PDO->prepare('SELECT \n       ...')
#1 C:\xampp\htdocs\antishit\hrms\controllers\DashboardController.php(48): Attendance->todayStats(1)
#2 C:\xampp\htdocs\antishit\hrms\index.php(95): DashboardController->index()
#3 {main}
  thrown in C:\xampp\htdocs\antishit\hrms\models\Attendance.php on line 122
[19-Mar-2026 12:31:42 Asia/Manila] PHP Fatal error:  Uncaught PDOException: SQLSTATE[23000]: Integrity constraint violation: 1052 Column 'status' in field list is ambiguous in C:\xampp\htdocs\antishit\hrms\models\Attendance.php:122
Stack trace:
#0 C:\xampp\htdocs\antishit\hrms\models\Attendance.php(122): PDO->prepare('SELECT \n       ...')
#1 C:\xampp\htdocs\antishit\hrms\controllers\DashboardController.php(48): Attendance->todayStats(1)
#2 C:\xampp\htdocs\antishit\hrms\index.php(95): DashboardController->index()
#3 {main}
  thrown in C:\xampp\htdocs\antishit\hrms\models\Attendance.php on line 122
[19-Mar-2026 12:31:44 Asia/Manila] PHP Fatal error:  Uncaught PDOException: SQLSTATE[23000]: Integrity constraint violation: 1052 Column 'status' in field list is ambiguous in C:\xampp\htdocs\antishit\hrms\models\Attendance.php:122
Stack trace:
#0 C:\xampp\htdocs\antishit\hrms\models\Attendance.php(122): PDO->prepare('SELECT \n       ...')
#1 C:\xampp\htdocs\antishit\hrms\controllers\DashboardController.php(48): Attendance->todayStats(1)
#2 C:\xampp\htdocs\antishit\hrms\index.php(95): DashboardController->index()
#3 {main}
  thrown in C:\xampp\htdocs\antishit\hrms\models\Attendance.php on line 122
[19-Mar-2026 12:32:13 Asia/Manila] PHP Fatal error:  Uncaught PDOException: SQLSTATE[23000]: Integrity constraint violation: 1052 Column 'status' in field list is ambiguous in C:\xampp\htdocs\antishit\hrms\models\Attendance.php:122
Stack trace:
#0 C:\xampp\htdocs\antishit\hrms\models\Attendance.php(122): PDO->prepare('SELECT \n       ...')
#1 C:\xampp\htdocs\antishit\hrms\controllers\DashboardController.php(48): Attendance->todayStats(1)
#2 C:\xampp\htdocs\antishit\hrms\index.php(95): DashboardController->index()
#3 {main}
  thrown in C:\xampp\htdocs\antishit\hrms\models\Attendance.php on line 122
[19-Mar-2026 16:29:58 Asia/Manila] Payroll Approval Request Received
[19-Mar-2026 16:29:58 Asia/Manila] CSRF Validated
[19-Mar-2026 16:29:58 Asia/Manila] Approving period ID: 3
[19-Mar-2026 16:41:43 Asia/Manila] Payroll Approval Request Received
[19-Mar-2026 16:51:59 Asia/Manila] Payroll Approval Request Received
[19-Mar-2026 21:16:32 Asia/Manila] PHP Fatal error:  Uncaught Error: Call to undefined function requirePermission() in C:\xampp\htdocs\antishit\hrms\controllers\OtherControllers.php:641
Stack trace:
#0 C:\xampp\htdocs\antishit\hrms\index.php(96): AuditController->index()
#1 {main}
  thrown in C:\xampp\htdocs\antishit\hrms\controllers\OtherControllers.php on line 641
[19-Mar-2026 21:16:34 Asia/Manila] PHP Fatal error:  Uncaught Error: Call to undefined function requirePermission() in C:\xampp\htdocs\antishit\hrms\controllers\OtherControllers.php:641
Stack trace:
#0 C:\xampp\htdocs\antishit\hrms\index.php(96): AuditController->index()
#1 {main}
  thrown in C:\xampp\htdocs\antishit\hrms\controllers\OtherControllers.php on line 641
[19-Mar-2026 21:16:51 Asia/Manila] PHP Warning:  preg_match(): Unknown modifier ')' in C:\xampp\htdocs\antishit\hrms\includes\auth.php on line 215
[19-Mar-2026 21:16:53 Asia/Manila] PHP Warning:  mail(): Failed to connect to mailserver at &quot;localhost&quot; port 25, verify your &quot;SMTP&quot; and &quot;smtp_port&quot; setting in php.ini or use ini_set() in C:\xampp\htdocs\antishit\hrms\includes\mailer.php on line 19
[19-Mar-2026 21:16:55 Asia/Manila] PHP Fatal error:  Uncaught Error: Call to undefined function requirePermission() in C:\xampp\htdocs\antishit\hrms\controllers\DashboardController.php:73
Stack trace:
#0 C:\xampp\htdocs\antishit\hrms\index.php(96): ProfileController->index()
#1 {main}
  thrown in C:\xampp\htdocs\antishit\hrms\controllers\DashboardController.php on line 73
[19-Mar-2026 21:17:02 Asia/Manila] PHP Fatal error:  Uncaught Error: Call to undefined function requirePermission() in C:\xampp\htdocs\antishit\hrms\controllers\EmployeeController.php:14
Stack trace:
#0 C:\xampp\htdocs\antishit\hrms\index.php(96): EmployeeController->index()
#1 {main}
  thrown in C:\xampp\htdocs\antishit\hrms\controllers\EmployeeController.php on line 14
[19-Mar-2026 21:17:04 Asia/Manila] PHP Fatal error:  Uncaught Error: Call to undefined function requirePermission() in C:\xampp\htdocs\antishit\hrms\controllers\OtherControllers.php:9
Stack trace:
#0 C:\xampp\htdocs\antishit\hrms\index.php(96): AttendanceController->index()
#1 {main}
  thrown in C:\xampp\htdocs\antishit\hrms\controllers\OtherControllers.php on line 9
[19-Mar-2026 21:17:06 Asia/Manila] PHP Fatal error:  Uncaught Error: Call to undefined function requirePermission() in C:\xampp\htdocs\antishit\hrms\controllers\OtherControllers.php:111
Stack trace:
#0 C:\xampp\htdocs\antishit\hrms\index.php(96): LeaveController->index()
#1 {main}
  thrown in C:\xampp\htdocs\antishit\hrms\controllers\OtherControllers.php on line 111
[19-Mar-2026 21:17:10 Asia/Manila] PHP Fatal error:  Uncaught Error: Call to undefined function requirePermission() in C:\xampp\htdocs\antishit\hrms\controllers\OtherControllers.php:259
Stack trace:
#0 C:\xampp\htdocs\antishit\hrms\index.php(96): PayrollController->index()
#1 {main}
  thrown in C:\xampp\htdocs\antishit\hrms\controllers\OtherControllers.php on line 259
[19-Mar-2026 21:17:13 Asia/Manila] PHP Fatal error:  Uncaught Error: Call to undefined function requirePermission() in C:\xampp\htdocs\antishit\hrms\controllers\EmployeeController.php:14
Stack trace:
#0 C:\xampp\htdocs\antishit\hrms\index.php(96): EmployeeController->index()
#1 {main}
  thrown in C:\xampp\htdocs\antishit\hrms\controllers\EmployeeController.php on line 14
[19-Mar-2026 21:26:25 Asia/Manila] PHP Warning:  Undefined variable $lastLogin in C:\xampp\htdocs\antishit\hrms\views\employees\profile.php on line 29
[19-Mar-2026 21:27:49 Asia/Manila] PHP Warning:  Undefined variable $lastLogin in C:\xampp\htdocs\antishit\hrms\views\employees\profile.php on line 29
[19-Mar-2026 21:27:49 Asia/Manila] PHP Warning:  Undefined variable $lastLogin in C:\xampp\htdocs\antishit\hrms\views\employees\profile.php on line 29
[19-Mar-2026 21:27:50 Asia/Manila] PHP Warning:  Undefined variable $lastLogin in C:\xampp\htdocs\antishit\hrms\views\employees\profile.php on line 29
[19-Mar-2026 21:28:44 Asia/Manila] PHP Warning:  Undefined variable $lastLogin in C:\xampp\htdocs\antishit\hrms\views\employees\profile.php on line 29
[19-Mar-2026 21:28:52 Asia/Manila] PHP Warning:  Undefined variable $lastLogin in C:\xampp\htdocs\antishit\hrms\views\employees\profile.php on line 29
[19-Mar-2026 21:28:54 Asia/Manila] PHP Warning:  Undefined variable $lastLogin in C:\xampp\htdocs\antishit\hrms\views\employees\profile.php on line 29
[19-Mar-2026 21:28:55 Asia/Manila] PHP Warning:  Undefined variable $lastLogin in C:\xampp\htdocs\antishit\hrms\views\employees\profile.php on line 29
[19-Mar-2026 21:28:55 Asia/Manila] PHP Warning:  Undefined variable $lastLogin in C:\xampp\htdocs\antishit\hrms\views\employees\profile.php on line 29
[19-Mar-2026 21:28:56 Asia/Manila] PHP Warning:  Undefined variable $lastLogin in C:\xampp\htdocs\antishit\hrms\views\employees\profile.php on line 29
[19-Mar-2026 21:28:56 Asia/Manila] PHP Warning:  Undefined variable $lastLogin in C:\xampp\htdocs\antishit\hrms\views\employees\profile.php on line 29
[19-Mar-2026 21:28:57 Asia/Manila] PHP Warning:  Undefined variable $lastLogin in C:\xampp\htdocs\antishit\hrms\views\employees\profile.php on line 29
[19-Mar-2026 21:28:57 Asia/Manila] PHP Warning:  Undefined variable $lastLogin in C:\xampp\htdocs\antishit\hrms\views\employees\profile.php on line 29
[19-Mar-2026 21:29:06 Asia/Manila] PHP Warning:  Undefined variable $lastLogin in C:\xampp\htdocs\antishit\hrms\views\employees\profile.php on line 29
[19-Mar-2026 21:29:06 Asia/Manila] PHP Warning:  Undefined variable $lastLogin in C:\xampp\htdocs\antishit\hrms\views\employees\profile.php on line 29
[19-Mar-2026 21:30:31 Asia/Manila] PHP Warning:  Undefined variable $lastLogin in C:\xampp\htdocs\antishit\hrms\views\employees\profile.php on line 29
[19-Mar-2026 21:30:31 Asia/Manila] PHP Warning:  Undefined variable $lastLogin in C:\xampp\htdocs\antishit\hrms\views\employees\profile.php on line 29
[19-Mar-2026 21:30:31 Asia/Manila] PHP Warning:  Undefined variable $lastLogin in C:\xampp\htdocs\antishit\hrms\views\employees\profile.php on line 29
[19-Mar-2026 21:30:31 Asia/Manila] PHP Warning:  Undefined variable $lastLogin in C:\xampp\htdocs\antishit\hrms\views\employees\profile.php on line 29
[19-Mar-2026 21:30:46 Asia/Manila] PHP Warning:  preg_match(): Unknown modifier ')' in C:\xampp\htdocs\antishit\hrms\includes\auth.php on line 227
[19-Mar-2026 21:30:50 Asia/Manila] PHP Warning:  Undefined variable $lastLogin in C:\xampp\htdocs\antishit\hrms\views\employees\profile.php on line 29
[19-Mar-2026 21:32:25 Asia/Manila] PHP Warning:  Undefined variable $lastLogin in C:\xampp\htdocs\antishit\hrms\views\employees\profile.php on line 29
[19-Mar-2026 21:32:26 Asia/Manila] PHP Warning:  Undefined variable $lastLogin in C:\xampp\htdocs\antishit\hrms\views\employees\profile.php on line 29
[19-Mar-2026 21:32:26 Asia/Manila] PHP Warning:  Undefined variable $lastLogin in C:\xampp\htdocs\antishit\hrms\views\employees\profile.php on line 29
[19-Mar-2026 21:32:26 Asia/Manila] PHP Warning:  Undefined variable $lastLogin in C:\xampp\htdocs\antishit\hrms\views\employees\profile.php on line 29
[19-Mar-2026 21:32:26 Asia/Manila] PHP Warning:  Undefined variable $lastLogin in C:\xampp\htdocs\antishit\hrms\views\employees\profile.php on line 29
[19-Mar-2026 21:32:26 Asia/Manila] PHP Warning:  Undefined variable $lastLogin in C:\xampp\htdocs\antishit\hrms\views\employees\profile.php on line 29
[19-Mar-2026 21:32:26 Asia/Manila] PHP Warning:  Undefined variable $lastLogin in C:\xampp\htdocs\antishit\hrms\views\employees\profile.php on line 29
[19-Mar-2026 21:32:27 Asia/Manila] PHP Warning:  Undefined variable $lastLogin in C:\xampp\htdocs\antishit\hrms\views\employees\profile.php on line 29
[19-Mar-2026 21:32:27 Asia/Manila] PHP Warning:  Undefined variable $lastLogin in C:\xampp\htdocs\antishit\hrms\views\employees\profile.php on line 29
[19-Mar-2026 21:32:27 Asia/Manila] PHP Warning:  Undefined variable $lastLogin in C:\xampp\htdocs\antishit\hrms\views\employees\profile.php on line 29
[19-Mar-2026 21:32:28 Asia/Manila] PHP Warning:  Undefined variable $lastLogin in C:\xampp\htdocs\antishit\hrms\views\employees\profile.php on line 29
[19-Mar-2026 21:32:28 Asia/Manila] PHP Warning:  Undefined variable $lastLogin in C:\xampp\htdocs\antishit\hrms\views\employees\profile.php on line 29
[19-Mar-2026 21:32:28 Asia/Manila] PHP Warning:  Undefined variable $lastLogin in C:\xampp\htdocs\antishit\hrms\views\employees\profile.php on line 29
[19-Mar-2026 21:32:28 Asia/Manila] PHP Warning:  Undefined variable $lastLogin in C:\xampp\htdocs\antishit\hrms\views\employees\profile.php on line 29
[19-Mar-2026 21:37:52 Asia/Manila] PHP Warning:  Undefined variable $lastLogin in C:\xampp\htdocs\antishit\hrms\views\employees\profile.php on line 29
[19-Mar-2026 21:37:52 Asia/Manila] PHP Warning:  Undefined variable $lastLogin in C:\xampp\htdocs\antishit\hrms\views\employees\profile.php on line 29
[19-Mar-2026 21:37:53 Asia/Manila] PHP Warning:  Undefined variable $lastLogin in C:\xampp\htdocs\antishit\hrms\views\employees\profile.php on line 29
[19-Mar-2026 21:37:53 Asia/Manila] PHP Warning:  Undefined variable $lastLogin in C:\xampp\htdocs\antishit\hrms\views\employees\profile.php on line 29
[19-Mar-2026 21:37:53 Asia/Manila] PHP Warning:  Undefined variable $lastLogin in C:\xampp\htdocs\antishit\hrms\views\employees\profile.php on line 29
[19-Mar-2026 21:37:53 Asia/Manila] PHP Warning:  Undefined variable $lastLogin in C:\xampp\htdocs\antishit\hrms\views\employees\profile.php on line 29
[19-Mar-2026 21:37:53 Asia/Manila] PHP Warning:  Undefined variable $lastLogin in C:\xampp\htdocs\antishit\hrms\views\employees\profile.php on line 29
[19-Mar-2026 21:37:53 Asia/Manila] PHP Warning:  Undefined variable $lastLogin in C:\xampp\htdocs\antishit\hrms\views\employees\profile.php on line 29
[19-Mar-2026 21:38:02 Asia/Manila] PHP Warning:  Undefined variable $lastLogin in C:\xampp\htdocs\antishit\hrms\views\employees\profile.php on line 29
[19-Mar-2026 23:06:03 Asia/Manila] PHP Warning:  preg_match(): Unknown modifier ')' in C:\xampp\htdocs\antishit\hrms\includes\auth.php on line 245
[19-Mar-2026 23:06:15 Asia/Manila] PHP Warning:  preg_match(): Unknown modifier ')' in C:\xampp\htdocs\antishit\hrms\includes\auth.php on line 245
[19-Mar-2026 23:30:53 Asia/Manila] PHP Warning:  Undefined variable $perms in C:\xampp\htdocs\antishit\hrms\controllers\AuthController.php on line 58
[19-Mar-2026 23:30:53 Asia/Manila] PHP Warning:  Undefined variable $ip in C:\xampp\htdocs\antishit\hrms\controllers\AuthController.php on line 58
[19-Mar-2026 23:30:53 Asia/Manila] PHP Warning:  Undefined variable $geo in C:\xampp\htdocs\antishit\hrms\controllers\AuthController.php on line 58
[19-Mar-2026 23:30:53 Asia/Manila] PHP Warning:  Undefined variable $device in C:\xampp\htdocs\antishit\hrms\controllers\AuthController.php on line 59
[19-Mar-2026 23:30:53 Asia/Manila] PHP Warning:  Undefined variable $isNewIp in C:\xampp\htdocs\antishit\hrms\controllers\AuthController.php on line 59
[19-Mar-2026 23:30:53 Asia/Manila] PHP Warning:  Undefined variable $isSuspicious in C:\xampp\htdocs\antishit\hrms\controllers\AuthController.php on line 59
[19-Mar-2026 23:31:34 Asia/Manila] PHP Warning:  Undefined variable $perms in C:\xampp\htdocs\antishit\hrms\controllers\AuthController.php on line 58
[19-Mar-2026 23:31:34 Asia/Manila] PHP Warning:  Undefined variable $ip in C:\xampp\htdocs\antishit\hrms\controllers\AuthController.php on line 58
[19-Mar-2026 23:31:34 Asia/Manila] PHP Warning:  Undefined variable $geo in C:\xampp\htdocs\antishit\hrms\controllers\AuthController.php on line 58
[19-Mar-2026 23:31:34 Asia/Manila] PHP Warning:  Undefined variable $device in C:\xampp\htdocs\antishit\hrms\controllers\AuthController.php on line 59
[19-Mar-2026 23:31:34 Asia/Manila] PHP Warning:  Undefined variable $isNewIp in C:\xampp\htdocs\antishit\hrms\controllers\AuthController.php on line 59
[19-Mar-2026 23:31:34 Asia/Manila] PHP Warning:  Undefined variable $isSuspicious in C:\xampp\htdocs\antishit\hrms\controllers\AuthController.php on line 59
[19-Mar-2026 23:33:13 Asia/Manila] PHP Warning:  preg_match(): Unknown modifier ')' in C:\xampp\htdocs\antishit\hrms\includes\auth.php on line 245
[19-Mar-2026 23:33:18 Asia/Manila] PHP Fatal error:  Uncaught Error: Call to undefined function csrfTokenField() in C:\xampp\htdocs\antishit\hrms\views\auth\2fa.php:151
Stack trace:
#0 C:\xampp\htdocs\antishit\hrms\controllers\AuthController.php(140): include()
#1 C:\xampp\htdocs\antishit\hrms\index.php(96): AuthController->verify2fa()
#2 {main}
  thrown in C:\xampp\htdocs\antishit\hrms\views\auth\2fa.php on line 151
[19-Mar-2026 23:36:58 Asia/Manila] PHP Warning:  preg_match(): Unknown modifier ')' in C:\xampp\htdocs\antishit\hrms\includes\auth.php on line 245
[19-Mar-2026 23:38:18 Asia/Manila] PHP Warning:  preg_match(): Unknown modifier ')' in C:\xampp\htdocs\antishit\hrms\includes\auth.php on line 245
[20-Mar-2026 08:22:37 Asia/Manila] DB Connection Error: SQLSTATE[HY000] [2002] No connection could be made because the target machine actively refused it
[20-Mar-2026 08:25:59 Asia/Manila] PHP Warning:  preg_match(): Unknown modifier ')' in C:\xampp\htdocs\updated-hrms\antishit\hrms\includes\auth.php on line 261
[20-Mar-2026 08:26:29 Asia/Manila] Session create error: SQLSTATE[42S02]: Base table or view not found: 1146 Table 'hrms_db.user_sessions' doesn't exist
[20-Mar-2026 08:30:09 Asia/Manila] PHP Warning:  preg_match(): Unknown modifier ')' in C:\xampp\htdocs\updated-hrms\antishit\hrms\includes\auth.php on line 261
[20-Mar-2026 08:30:35 Asia/Manila] Session create error: SQLSTATE[42S02]: Base table or view not found: 1146 Table 'hrms_db.user_sessions' doesn't exist
[20-Mar-2026 08:32:10 Asia/Manila] PHP Warning:  preg_match(): Unknown modifier ')' in C:\xampp\htdocs\updated-hrms\antishit\hrms\includes\auth.php on line 261
[20-Mar-2026 08:32:36 Asia/Manila] Session create error: SQLSTATE[42S02]: Base table or view not found: 1146 Table 'hrms_db.user_sessions' doesn't exist
[20-Mar-2026 08:33:41 Asia/Manila] PHP Warning:  preg_match(): Unknown modifier ')' in C:\xampp\htdocs\updated-hrms\antishit\hrms\includes\auth.php on line 261
[20-Mar-2026 08:34:28 Asia/Manila] PHP Warning:  preg_match(): Unknown modifier ')' in C:\xampp\htdocs\updated-hrms\antishit\hrms\includes\auth.php on line 261
[20-Mar-2026 08:34:28 Asia/Manila] Session create error: SQLSTATE[42S02]: Base table or view not found: 1146 Table 'hrms_db.user_sessions' doesn't exist
[20-Mar-2026 08:34:54 Asia/Manila] PHP Warning:  preg_match(): Unknown modifier ')' in C:\xampp\htdocs\updated-hrms\antishit\hrms\includes\auth.php on line 261
[20-Mar-2026 08:35:08 Asia/Manila] PHP Warning:  preg_match(): Unknown modifier ')' in C:\xampp\htdocs\updated-hrms\antishit\hrms\includes\auth.php on line 261
[20-Mar-2026 08:35:32 Asia/Manila] Session create error: SQLSTATE[42S02]: Base table or view not found: 1146 Table 'hrms_db.user_sessions' doesn't exist
[20-Mar-2026 08:36:09 Asia/Manila] PHP Warning:  preg_match(): Unknown modifier ')' in C:\xampp\htdocs\updated-hrms\antishit\hrms\includes\auth.php on line 261
[20-Mar-2026 08:37:11 Asia/Manila] Session create error: SQLSTATE[42S02]: Base table or view not found: 1146 Table 'hrms_db.user_sessions' doesn't exist
[20-Mar-2026 08:42:53 Asia/Manila] PHP Warning:  preg_match(): Unknown modifier ')' in C:\xampp\htdocs\updated-hrms\antishit\hrms\includes\auth.php on line 261
[20-Mar-2026 08:55:44 Asia/Manila] PHP Warning:  preg_match(): Unknown modifier ')' in C:\xampp\htdocs\updated-hrms\antishit\hrms\includes\auth.php on line 261
[20-Mar-2026 08:59:13 Asia/Manila] PHP Warning:  preg_match(): Unknown modifier ')' in C:\xampp\htdocs\updated-hrms\antishit\hrms\includes\auth.php on line 261
[20-Mar-2026 08:59:44 Asia/Manila] PHP Warning:  preg_match(): Unknown modifier ')' in C:\xampp\htdocs\updated-hrms\antishit\hrms\includes\auth.php on line 261
[20-Mar-2026 09:09:31 Asia/Manila] PHP Warning:  preg_match(): Unknown modifier ')' in C:\xampp\htdocs\updated-hrms\antishit\hrms\includes\auth.php on line 250
[20-Mar-2026 09:13:38 Asia/Manila] PHP Warning:  preg_match(): Unknown modifier ')' in C:\xampp\htdocs\updated-hrms\antishit\hrms\includes\auth.php on line 250
[20-Mar-2026 09:15:46 Asia/Manila] PHP Warning:  preg_match(): Unknown modifier ')' in C:\xampp\htdocs\updated-hrms\antishit\hrms\includes\auth.php on line 250
[20-Mar-2026 09:18:00 Asia/Manila] PHP Warning:  preg_match(): Unknown modifier ')' in C:\xampp\htdocs\updated-hrms\antishit\hrms\includes\auth.php on line 250
[20-Mar-2026 09:18:44 Asia/Manila] PHP Warning:  preg_match(): Unknown modifier ')' in C:\xampp\htdocs\updated-hrms\antishit\hrms\includes\auth.php on line 250
[20-Mar-2026 09:23:28 Asia/Manila] PHP Warning:  preg_match(): Unknown modifier ')' in C:\xampp\htdocs\updated-hrms\antishit\hrms\includes\auth.php on line 250
